TN:
SF:D:\Workarea\iotaeco\iota-pico-data\webpack.config.js
FN:15,(anonymous_0)
FNF:1
FNH:0
FNDA:0,(anonymous_0)
DA:1,0
DA:2,0
DA:3,0
DA:4,0
DA:6,0
DA:8,0
DA:9,0
DA:10,0
DA:13,0
DA:15,0
DA:17,0
LF:11
LH:0
BRDA:9,0,0,0
BRDA:9,0,1,0
BRDA:21,1,0,0
BRDA:21,1,1,0
BRDA:41,2,0,0
BRDA:41,2,1,0
BRF:6
BRH:0
end_of_record
TN:
SF:D:\Workarea\iotaeco\iota-pico-data\pkg\iota-pico-data.js
FN:1,webpackUniversalModuleDefinition
FN:10,(anonymous_1)
FN:11,(anonymous_2)
FN:16,__webpack_require__
FN:47,(anonymous_4)
FN:58,(anonymous_5)
FN:60,getDefault
FN:61,getModuleExports
FN:67,(anonymous_8)
FN:78,(anonymous_9)
FN:83,_typeof
FN:83,_typeof
FN:83,_typeof
FN:85,_classCallCheck
FN:87,_possibleConstructorReturn
FN:89,_assertThisInitialized
FN:91,_inherits
FN:105,(anonymous_17)
FN:114,DataError
FN:131,(anonymous_19)
FN:136,_typeof
FN:136,_typeof
FN:136,_typeof
FN:138,_classCallCheck
FN:140,_defineProperties
FN:142,_createClass
FN:153,(anonymous_26)
FN:154,ObjectHelper
FN:166,isEmpty
FN:177,isObject
FN:189,isType
FN:201,getClassName
FN:221,(anonymous_32)
FN:226,_classCallCheck
FN:228,_defineProperties
FN:230,_createClass
FN:248,(anonymous_36)
FN:250,Trytes
FN:270,toString
FN:280,length
FN:292,sub
FN:305,fromString
FN:334,isValid
FN:357,(anonymous_43)
FN:362,_classCallCheck
FN:364,_defineProperties
FN:366,_createClass
FN:377,(anonymous_47)
FN:378,NumberHelper
FN:390,isInteger
FN:401,isNumber
FN:412,isFloatString
FN:423,isIntegerString
FN:435,(anonymous_53)
FN:440,_classCallCheck
FN:442,_defineProperties
FN:444,_createClass
FN:455,(anonymous_57)
FN:456,StringHelper
FN:468,isString
FN:479,isEmpty
FN:490,isAscii
FN:501,encodeNonASCII
FN:502,(anonymous_63)
FN:514,decodeNonASCII
FN:515,(anonymous_65)
FN:528,(anonymous_66)
FN:533,_classCallCheck
FN:535,_defineProperties
FN:537,_createClass
FN:555,(anonymous_70)
FN:557,Address
FN:577,toTrytes
FN:587,toTrytesWithChecksum
FN:601,toString
FN:610,fromTrytes
FN:661,(anonymous_76)
FN:666,_classCallCheck
FN:668,_defineProperties
FN:670,_createClass
FN:688,(anonymous_80)
FN:690,Tag
FN:709,toTrytes
FN:719,toString
FN:724,fromTrytes
FN:762,(anonymous_85)
FN:767,_classCallCheck
FN:769,_defineProperties
FN:771,_createClass
FN:789,(anonymous_89)
FN:791,Hash
FN:810,toTrytes
FN:820,toString
FN:825,fromTrytes
FN:859,(anonymous_94)
FN:864,_classCallCheck
FN:866,_defineProperties
FN:868,_createClass
FN:886,(anonymous_98)
FN:888,SignatureMessageFragment
FN:907,toTrytes
FN:917,toString
FN:922,fromTrytes
FN:956,(anonymous_103)
FN:961,_classCallCheck
FN:963,_defineProperties
FN:965,_createClass
FN:987,(anonymous_107)
FN:989,TryteNumber
FN:1009,toTrytes
FN:1019,toNumber
FN:1029,toString
FN:1039,valueOf
FN:1044,fromNumber
FN:1083,fromTrytes
FN:1129,(anonymous_115)
FN:1134,_classCallCheck
FN:1136,_defineProperties
FN:1138,_createClass
FN:1158,(anonymous_119)
FN:1159,AsciiTrytesConverter
FN:1171,to
FN:1203,from
FN:1235,(anonymous_123)
FN:1240,_typeof
FN:1240,_typeof
FN:1240,_typeof
FN:1242,_classCallCheck
FN:1244,_defineProperties
FN:1246,_createClass
FN:1257,(anonymous_130)
FN:1258,JsonHelper
FN:1272,stringify
FN:1276,recusionReplacer
FN:1300,(anonymous_134)
FN:1314,(anonymous_135)
FN:1322,(anonymous_136)
FN:1327,_classCallCheck
FN:1329,_defineProperties
FN:1331,_createClass
FN:1359,(anonymous_140)
FN:1361,Transaction
FN:1392,toTrytes
FN:1453,toString
FN:1458,fromParams
FN:1485,fromTrytes
FN:1569,(anonymous_146)
FN:1574,_classCallCheck
FN:1576,_defineProperties
FN:1578,_createClass
FN:1600,(anonymous_150)
FN:1602,Trits
FN:1621,toArray
FN:1631,toNumberArray
FN:1641,toTrytes
FN:1663,toNumber
FN:1679,length
FN:1691,sub
FN:1704,fromArray
FN:1719,fromNumberArray
FN:1734,fromTrytes
FN:1759,fromNumber
FN:1796,add
FN:1824,fullAdd
FN:1836,sum
FN:1854,cons
FN:1865,any
FN:1888,(anonymous_167)
FN:1893,__export
FN:1938,(anonymous_169)
FN:1943,_typeof
FN:1943,_typeof
FN:1943,_typeof
FN:1945,_classCallCheck
FN:1947,_defineProperties
FN:1949,_createClass
FN:1951,_possibleConstructorReturn
FN:1953,_assertThisInitialized
FN:1955,_inherits
FN:1957,_extendableBuiltin
FN:1958,ExtendableBuiltin
FN:1996,(anonymous_181)
FN:2005,CoreError
FN:2029,format
FN:2049,(anonymous_184)
FN:2058,isError
FN:2070,(anonymous_186)
FN:2075,_classCallCheck
FN:2077,_defineProperties
FN:2079,_createClass
FN:2104,(anonymous_190)
FN:2105,ObjectTrytesConverter
FN:2117,to
FN:2142,from
FN:2182,(anonymous_194)
FN:2187,_classCallCheck
FN:2189,_defineProperties
FN:2191,_createClass
FN:2217,(anonymous_198)
FN:2221,Bundle
FN:2238,addTransactions
FN:2250,addSignatureMessageFragments
FN:2274,(anonymous_202)
FN:2279,_classCallCheck
FN:2281,_defineProperties
FN:2283,_createClass
FN:2297,(anonymous_206)
FN:2298,ArrayHelper
FN:2310,isArray
FN:2321,isEmpty
FN:2333,isTyped
FN:2334,(anonymous_211)
FN:2347,(anonymous_212)
FN:2352,_classCallCheck
FN:2354,_defineProperties
FN:2356,_createClass
FN:2378,(anonymous_216)
FN:2380,Input
FN:2395,fromParams
FN:2428,(anonymous_219)
FN:2433,_classCallCheck
FN:2435,_defineProperties
FN:2437,_createClass
FN:2461,(anonymous_223)
FN:2463,Transfer
FN:2478,fromParams
FNF:226
FNH:0
FNDA:0,webpackUniversalModuleDefinition
FNDA:0,(anonymous_1)
FNDA:0,(anonymous_2)
FNDA:0,__webpack_require__
FNDA:0,(anonymous_4)
FNDA:0,(anonymous_5)
FNDA:0,getDefault
FNDA:0,getModuleExports
FNDA:0,(anonymous_8)
FNDA:0,(anonymous_9)
FNDA:0,_typeof
FNDA:0,_typeof
FNDA:0,_typeof
FNDA:0,_classCallCheck
FNDA:0,_possibleConstructorReturn
FNDA:0,_assertThisInitialized
FNDA:0,_inherits
FNDA:0,(anonymous_17)
FNDA:0,DataError
FNDA:0,(anonymous_19)
FNDA:0,_typeof
FNDA:0,_typeof
FNDA:0,_typeof
FNDA:0,_classCallCheck
FNDA:0,_defineProperties
FNDA:0,_createClass
FNDA:0,(anonymous_26)
FNDA:0,ObjectHelper
FNDA:0,isEmpty
FNDA:0,isObject
FNDA:0,isType
FNDA:0,getClassName
FNDA:0,(anonymous_32)
FNDA:0,_classCallCheck
FNDA:0,_defineProperties
FNDA:0,_createClass
FNDA:0,(anonymous_36)
FNDA:0,Trytes
FNDA:0,toString
FNDA:0,length
FNDA:0,sub
FNDA:0,fromString
FNDA:0,isValid
FNDA:0,(anonymous_43)
FNDA:0,_classCallCheck
FNDA:0,_defineProperties
FNDA:0,_createClass
FNDA:0,(anonymous_47)
FNDA:0,NumberHelper
FNDA:0,isInteger
FNDA:0,isNumber
FNDA:0,isFloatString
FNDA:0,isIntegerString
FNDA:0,(anonymous_53)
FNDA:0,_classCallCheck
FNDA:0,_defineProperties
FNDA:0,_createClass
FNDA:0,(anonymous_57)
FNDA:0,StringHelper
FNDA:0,isString
FNDA:0,isEmpty
FNDA:0,isAscii
FNDA:0,encodeNonASCII
FNDA:0,(anonymous_63)
FNDA:0,decodeNonASCII
FNDA:0,(anonymous_65)
FNDA:0,(anonymous_66)
FNDA:0,_classCallCheck
FNDA:0,_defineProperties
FNDA:0,_createClass
FNDA:0,(anonymous_70)
FNDA:0,Address
FNDA:0,toTrytes
FNDA:0,toTrytesWithChecksum
FNDA:0,toString
FNDA:0,fromTrytes
FNDA:0,(anonymous_76)
FNDA:0,_classCallCheck
FNDA:0,_defineProperties
FNDA:0,_createClass
FNDA:0,(anonymous_80)
FNDA:0,Tag
FNDA:0,toTrytes
FNDA:0,toString
FNDA:0,fromTrytes
FNDA:0,(anonymous_85)
FNDA:0,_classCallCheck
FNDA:0,_defineProperties
FNDA:0,_createClass
FNDA:0,(anonymous_89)
FNDA:0,Hash
FNDA:0,toTrytes
FNDA:0,toString
FNDA:0,fromTrytes
FNDA:0,(anonymous_94)
FNDA:0,_classCallCheck
FNDA:0,_defineProperties
FNDA:0,_createClass
FNDA:0,(anonymous_98)
FNDA:0,SignatureMessageFragment
FNDA:0,toTrytes
FNDA:0,toString
FNDA:0,fromTrytes
FNDA:0,(anonymous_103)
FNDA:0,_classCallCheck
FNDA:0,_defineProperties
FNDA:0,_createClass
FNDA:0,(anonymous_107)
FNDA:0,TryteNumber
FNDA:0,toTrytes
FNDA:0,toNumber
FNDA:0,toString
FNDA:0,valueOf
FNDA:0,fromNumber
FNDA:0,fromTrytes
FNDA:0,(anonymous_115)
FNDA:0,_classCallCheck
FNDA:0,_defineProperties
FNDA:0,_createClass
FNDA:0,(anonymous_119)
FNDA:0,AsciiTrytesConverter
FNDA:0,to
FNDA:0,from
FNDA:0,(anonymous_123)
FNDA:0,_typeof
FNDA:0,_typeof
FNDA:0,_typeof
FNDA:0,_classCallCheck
FNDA:0,_defineProperties
FNDA:0,_createClass
FNDA:0,(anonymous_130)
FNDA:0,JsonHelper
FNDA:0,stringify
FNDA:0,recusionReplacer
FNDA:0,(anonymous_134)
FNDA:0,(anonymous_135)
FNDA:0,(anonymous_136)
FNDA:0,_classCallCheck
FNDA:0,_defineProperties
FNDA:0,_createClass
FNDA:0,(anonymous_140)
FNDA:0,Transaction
FNDA:0,toTrytes
FNDA:0,toString
FNDA:0,fromParams
FNDA:0,fromTrytes
FNDA:0,(anonymous_146)
FNDA:0,_classCallCheck
FNDA:0,_defineProperties
FNDA:0,_createClass
FNDA:0,(anonymous_150)
FNDA:0,Trits
FNDA:0,toArray
FNDA:0,toNumberArray
FNDA:0,toTrytes
FNDA:0,toNumber
FNDA:0,length
FNDA:0,sub
FNDA:0,fromArray
FNDA:0,fromNumberArray
FNDA:0,fromTrytes
FNDA:0,fromNumber
FNDA:0,add
FNDA:0,fullAdd
FNDA:0,sum
FNDA:0,cons
FNDA:0,any
FNDA:0,(anonymous_167)
FNDA:0,__export
FNDA:0,(anonymous_169)
FNDA:0,_typeof
FNDA:0,_typeof
FNDA:0,_typeof
FNDA:0,_classCallCheck
FNDA:0,_defineProperties
FNDA:0,_createClass
FNDA:0,_possibleConstructorReturn
FNDA:0,_assertThisInitialized
FNDA:0,_inherits
FNDA:0,_extendableBuiltin
FNDA:0,ExtendableBuiltin
FNDA:0,(anonymous_181)
FNDA:0,CoreError
FNDA:0,format
FNDA:0,(anonymous_184)
FNDA:0,isError
FNDA:0,(anonymous_186)
FNDA:0,_classCallCheck
FNDA:0,_defineProperties
FNDA:0,_createClass
FNDA:0,(anonymous_190)
FNDA:0,ObjectTrytesConverter
FNDA:0,to
FNDA:0,from
FNDA:0,(anonymous_194)
FNDA:0,_classCallCheck
FNDA:0,_defineProperties
FNDA:0,_createClass
FNDA:0,(anonymous_198)
FNDA:0,Bundle
FNDA:0,addTransactions
FNDA:0,addSignatureMessageFragments
FNDA:0,(anonymous_202)
FNDA:0,_classCallCheck
FNDA:0,_defineProperties
FNDA:0,_createClass
FNDA:0,(anonymous_206)
FNDA:0,ArrayHelper
FNDA:0,isArray
FNDA:0,isEmpty
FNDA:0,isTyped
FNDA:0,(anonymous_211)
FNDA:0,(anonymous_212)
FNDA:0,_classCallCheck
FNDA:0,_defineProperties
FNDA:0,_createClass
FNDA:0,(anonymous_216)
FNDA:0,Input
FNDA:0,fromParams
FNDA:0,(anonymous_219)
FNDA:0,_classCallCheck
FNDA:0,_defineProperties
FNDA:0,_createClass
FNDA:0,(anonymous_223)
FNDA:0,Transfer
FNDA:0,fromParams
DA:1,0
DA:2,0
DA:3,0
DA:4,0
DA:5,0
DA:6,0
DA:7,0
DA:9,0
DA:11,0
DA:13,0
DA:19,0
DA:20,0
DA:23,0
DA:30,0
DA:33,0
DA:36,0
DA:41,0
DA:44,0
DA:47,0
DA:48,0
DA:49,0
DA:58,0
DA:59,0
DA:60,0
DA:61,0
DA:62,0
DA:63,0
DA:67,0
DA:70,0
DA:73,0
DA:83,0
DA:85,0
DA:87,0
DA:89,0
DA:91,0
DA:93,0
DA:97,0
DA:105,0
DA:106,0
DA:117,0
DA:119,0
DA:120,0
DA:121,0
DA:124,0
DA:127,0
DA:136,0
DA:138,0
DA:140,0
DA:142,0
DA:144,0
DA:153,0
DA:155,0
DA:158,0
DA:167,0
DA:178,0
DA:190,0
DA:191,0
DA:202,0
DA:203,0
DA:205,0
DA:207,0
DA:209,0
DA:214,0
DA:217,0
DA:226,0
DA:228,0
DA:230,0
DA:232,0
DA:236,0
DA:238,0
DA:240,0
DA:248,0
DA:251,0
DA:253,0
DA:263,0
DA:271,0
DA:281,0
DA:293,0
DA:294,0
DA:297,0
DA:298,0
DA:301,0
DA:306,0
DA:308,0
DA:309,0
DA:312,0
DA:313,0
DA:316,0
DA:317,0
DA:323,0
DA:335,0
DA:337,0
DA:338,0
DA:340,0
DA:345,0
DA:352,0
DA:353,0
DA:362,0
DA:364,0
DA:366,0
DA:368,0
DA:377,0
DA:379,0
DA:382,0
DA:391,0
DA:402,0
DA:413,0
DA:424,0
DA:428,0
DA:431,0
DA:440,0
DA:442,0
DA:444,0
DA:446,0
DA:455,0
DA:457,0
DA:460,0
DA:469,0
DA:480,0
DA:491,0
DA:502,0
DA:503,0
DA:515,0
DA:516,0
DA:521,0
DA:524,0
DA:533,0
DA:535,0
DA:537,0
DA:539,0
DA:543,0
DA:545,0
DA:547,0
DA:555,0
DA:558,0
DA:560,0
DA:561,0
DA:570,0
DA:578,0
DA:588,0
DA:589,0
DA:591,0
DA:602,0
DA:603,0
DA:605,0
DA:611,0
DA:612,0
DA:615,0
DA:617,0
DA:618,0
DA:623,0
DA:626,0
DA:627,0
DA:630,0
DA:634,0
DA:641,0
DA:646,0
DA:651,0
DA:656,0
DA:657,0
DA:666,0
DA:668,0
DA:670,0
DA:672,0
DA:676,0
DA:678,0
DA:680,0
DA:688,0
DA:691,0
DA:693,0
DA:702,0
DA:710,0
DA:720,0
DA:725,0
DA:726,0
DA:729,0
DA:731,0
DA:732,0
DA:737,0
DA:738,0
DA:741,0
DA:745,0
DA:752,0
DA:757,0
DA:758,0
DA:767,0
DA:769,0
DA:771,0
DA:773,0
DA:777,0
DA:779,0
DA:781,0
DA:789,0
DA:792,0
DA:794,0
DA:803,0
DA:811,0
DA:821,0
DA:826,0
DA:827,0
DA:830,0
DA:832,0
DA:833,0
DA:838,0
DA:842,0
DA:849,0
DA:854,0
DA:855,0
DA:864,0
DA:866,0
DA:868,0
DA:870,0
DA:874,0
DA:876,0
DA:878,0
DA:886,0
DA:889,0
DA:891,0
DA:900,0
DA:908,0
DA:918,0
DA:923,0
DA:924,0
DA:927,0
DA:929,0
DA:930,0
DA:935,0
DA:939,0
DA:946,0
DA:951,0
DA:952,0
DA:961,0
DA:963,0
DA:965,0
DA:967,0
DA:971,0
DA:973,0
DA:975,0
DA:977,0
DA:979,0
DA:987,0
DA:990,0
DA:992,0
DA:1002,0
DA:1010,0
DA:1020,0
DA:1030,0
DA:1040,0
DA:1045,0
DA:1048,0
DA:1049,0
DA:1054,0
DA:1055,0
DA:1057,0
DA:1058,0
DA:1063,0
DA:1065,0
DA:1066,0
DA:1069,0
DA:1072,0
DA:1084,0
DA:1086,0
DA:1087,0
DA:1090,0
DA:1092,0
DA:1093,0
DA:1098,0
DA:1099,0
DA:1104,0
DA:1105,0
DA:1108,0
DA:1112,0
DA:1119,0
DA:1124,0
DA:1125,0
DA:1134,0
DA:1136,0
DA:1138,0
DA:1140,0
DA:1144,0
DA:1146,0
DA:1148,0
DA:1150,0
DA:1158,0
DA:1160,0
DA:1163,0
DA:1172,0
DA:1173,0
DA:1178,0
DA:1179,0
DA:1184,0
DA:1186,0
DA:1187,0
DA:1188,0
DA:1189,0
DA:1190,0
DA:1193,0
DA:1204,0
DA:1205,0
DA:1208,0
DA:1210,0
DA:1211,0
DA:1214,0
DA:1216,0
DA:1217,0
DA:1218,0
DA:1219,0
DA:1220,0
DA:1221,0
DA:1224,0
DA:1228,0
DA:1231,0
DA:1240,0
DA:1242,0
DA:1244,0
DA:1246,0
DA:1248,0
DA:1257,0
DA:1259,0
DA:1262,0
DA:1274,0
DA:1276,0
DA:1277,0
DA:1278,0
DA:1280,0
DA:1282,0
DA:1286,0
DA:1289,0
DA:1293,0
DA:1296,0
DA:1305,0
DA:1314,0
DA:1315,0
DA:1316,0
DA:1317,0
DA:1327,0
DA:1329,0
DA:1331,0
DA:1333,0
DA:1337,0
DA:1339,0
DA:1341,0
DA:1343,0
DA:1345,0
DA:1347,0
DA:1349,0
DA:1351,0
DA:1359,0
DA:1362,0
DA:1385,0
DA:1393,0
DA:1394,0
DA:1399,0
DA:1400,0
DA:1405,0
DA:1406,0
DA:1411,0
DA:1412,0
DA:1417,0
DA:1418,0
DA:1423,0
DA:1424,0
DA:1429,0
DA:1430,0
DA:1435,0
DA:1436,0
DA:1438,0
DA:1439,0
DA:1444,0
DA:1454,0
DA:1459,0
DA:1460,0
DA:1461,0
DA:1462,0
DA:1463,0
DA:1464,0
DA:1465,0
DA:1466,0
DA:1467,0
DA:1468,0
DA:1469,0
DA:1470,0
DA:1471,0
DA:1472,0
DA:1473,0
DA:1474,0
DA:1475,0
DA:1486,0
DA:1487,0
DA:1490,0
DA:1492,0
DA:1493,0
DA:1498,0
DA:1499,0
DA:1500,0
DA:1502,0
DA:1503,0
DA:1508,0
DA:1509,0
DA:1510,0
DA:1511,0
DA:1512,0
DA:1513,0
DA:1514,0
DA:1515,0
DA:1516,0
DA:1517,0
DA:1518,0
DA:1519,0
DA:1520,0
DA:1521,0
DA:1522,0
DA:1523,0
DA:1524,0
DA:1525,0
DA:1526,0
DA:1527,0
DA:1528,0
DA:1529,0
DA:1530,0
DA:1531,0
DA:1532,0
DA:1533,0
DA:1534,0
DA:1535,0
DA:1536,0
DA:1537,0
DA:1538,0
DA:1539,0
DA:1540,0
DA:1544,0
DA:1551,0
DA:1556,0
DA:1561,0
DA:1564,0
DA:1565,0
DA:1574,0
DA:1576,0
DA:1578,0
DA:1580,0
DA:1584,0
DA:1586,0
DA:1588,0
DA:1590,0
DA:1592,0
DA:1600,0
DA:1603,0
DA:1605,0
DA:1614,0
DA:1622,0
DA:1632,0
DA:1642,0
DA:1644,0
DA:1646,0
DA:1647,0
DA:1648,0
DA:1649,0
DA:1654,0
DA:1664,0
DA:1666,0
DA:1667,0
DA:1670,0
DA:1680,0
DA:1692,0
DA:1693,0
DA:1696,0
DA:1697,0
DA:1700,0
DA:1705,0
DA:1706,0
DA:1709,0
DA:1720,0
DA:1721,0
DA:1724,0
DA:1735,0
DA:1736,0
DA:1739,0
DA:1740,0
DA:1742,0
DA:1743,0
DA:1744,0
DA:1745,0
DA:1746,0
DA:1749,0
DA:1760,0
DA:1761,0
DA:1764,0
DA:1765,0
DA:1767,0
DA:1768,0
DA:1769,0
DA:1771,0
DA:1772,0
DA:1773,0
DA:1776,0
DA:1779,0
DA:1780,0
DA:1781,0
DA:1785,0
DA:1797,0
DA:1798,0
DA:1801,0
DA:1802,0
DA:1805,0
DA:1806,0
DA:1810,0
DA:1811,0
DA:1812,0
DA:1813,0
DA:1814,0
DA:1815,0
DA:1818,0
DA:1825,0
DA:1826,0
DA:1827,0
DA:1828,0
DA:1829,0
DA:1830,0
DA:1837,0
DA:1839,0
DA:1841,0
DA:1844,0
DA:1847,0
DA:1855,0
DA:1856,0
DA:1859,0
DA:1866,0
DA:1868,0
DA:1869,0
DA:1870,0
DA:1871,0
DA:1874,0
DA:1878,0
DA:1883,0
DA:1884,0
DA:1894,0
DA:1895,0
DA:1899,0
DA:1906,0
DA:1908,0
DA:1910,0
DA:1912,0
DA:1914,0
DA:1916,0
DA:1918,0
DA:1920,0
DA:1922,0
DA:1924,0
DA:1926,0
DA:1928,0
DA:1930,0
DA:1932,0
DA:1934,0
DA:1943,0
DA:1945,0
DA:1947,0
DA:1949,0
DA:1951,0
DA:1953,0
DA:1955,0
DA:1959,0
DA:1960,0
DA:1961,0
DA:1964,0
DA:1973,0
DA:1974,0
DA:1976,0
DA:1979,0
DA:1982,0
DA:1986,0
DA:1988,0
DA:1996,0
DA:1997,0
DA:2008,0
DA:2010,0
DA:2011,0
DA:2012,0
DA:2013,0
DA:2014,0
DA:2023,0
DA:2030,0
DA:2032,0
DA:2034,0
DA:2035,0
DA:2038,0
DA:2039,0
DA:2042,0
DA:2044,0
DA:2045,0
DA:2046,0
DA:2049,0
DA:2050,0
DA:2054,0
DA:2059,0
DA:2063,0
DA:2066,0
DA:2075,0
DA:2077,0
DA:2079,0
DA:2081,0
DA:2085,0
DA:2087,0
DA:2089,0
DA:2091,0
DA:2093,0
DA:2095,0
DA:2104,0
DA:2106,0
DA:2109,0
DA:2118,0
DA:2119,0
DA:2124,0
DA:2125,0
DA:2127,0
DA:2132,0
DA:2143,0
DA:2144,0
DA:2147,0
DA:2149,0
DA:2150,0
DA:2154,0
DA:2155,0
DA:2160,0
DA:2163,0
DA:2164,0
DA:2166,0
DA:2171,0
DA:2175,0
DA:2178,0
DA:2187,0
DA:2189,0
DA:2191,0
DA:2193,0
DA:2197,0
DA:2199,0
DA:2201,0
DA:2203,0
DA:2205,0
DA:2207,0
DA:2209,0
DA:2217,0
DA:2222,0
DA:2224,0
DA:2236,0
DA:2239,0
DA:2240,0
DA:2251,0
DA:2252,0
DA:2255,0
DA:2256,0
DA:2257,0
DA:2258,0
DA:2259,0
DA:2260,0
DA:2261,0
DA:2262,0
DA:2267,0
DA:2270,0
DA:2279,0
DA:2281,0
DA:2283,0
DA:2285,0
DA:2289,0
DA:2297,0
DA:2299,0
DA:2302,0
DA:2311,0
DA:2322,0
DA:2334,0
DA:2335,0
DA:2340,0
DA:2343,0
DA:2352,0
DA:2354,0
DA:2356,0
DA:2358,0
DA:2362,0
DA:2364,0
DA:2366,0
DA:2368,0
DA:2370,0
DA:2378,0
DA:2381,0
DA:2393,0
DA:2396,0
DA:2397,0
DA:2400,0
DA:2401,0
DA:2404,0
DA:2405,0
DA:2408,0
DA:2409,0
DA:2412,0
DA:2413,0
DA:2414,0
DA:2415,0
DA:2416,0
DA:2417,0
DA:2421,0
DA:2424,0
DA:2433,0
DA:2435,0
DA:2437,0
DA:2439,0
DA:2443,0
DA:2445,0
DA:2447,0
DA:2449,0
DA:2451,0
DA:2453,0
DA:2461,0
DA:2464,0
DA:2476,0
DA:2479,0
DA:2480,0
DA:2483,0
DA:2484,0
DA:2487,0
DA:2488,0
DA:2491,0
DA:2492,0
DA:2495,0
DA:2496,0
DA:2497,0
DA:2498,0
DA:2499,0
DA:2500,0
DA:2504,0
DA:2507,0
LF:729
LH:0
BRDA:2,0,0,0
BRDA:2,0,1,0
BRDA:2,1,0,0
BRDA:2,1,1,0
BRDA:4,2,0,0
BRDA:4,2,1,0
BRDA:4,3,0,0
BRDA:4,3,1,0
BRDA:6,4,0,0
BRDA:6,4,1,0
BRDA:10,5,0,0
BRDA:10,5,1,0
BRDA:19,6,0,0
BRDA:19,6,1,0
BRDA:48,7,0,0
BRDA:48,7,1,0
BRDA:59,8,0,0
BRDA:59,8,1,0
BRDA:59,9,0,0
BRDA:59,9,1,0
BRDA:83,10,0,0
BRDA:83,10,1,0
BRDA:83,11,0,0
BRDA:83,11,1,0
BRDA:83,12,0,0
BRDA:83,12,1,0
BRDA:83,13,0,0
BRDA:83,13,1,0
BRDA:83,13,2,0
BRDA:83,13,3,0
BRDA:85,14,0,0
BRDA:85,14,1,0
BRDA:87,15,0,0
BRDA:87,15,1,0
BRDA:87,16,0,0
BRDA:87,16,1,0
BRDA:87,16,2,0
BRDA:89,17,0,0
BRDA:89,17,1,0
BRDA:91,18,0,0
BRDA:91,18,1,0
BRDA:91,19,0,0
BRDA:91,19,1,0
BRDA:91,20,0,0
BRDA:91,20,1,0
BRDA:91,21,0,0
BRDA:91,21,1,0
BRDA:91,22,0,0
BRDA:91,22,1,0
BRDA:119,23,0,0
BRDA:119,23,1,0
BRDA:136,24,0,0
BRDA:136,24,1,0
BRDA:136,25,0,0
BRDA:136,25,1,0
BRDA:136,26,0,0
BRDA:136,26,1,0
BRDA:136,27,0,0
BRDA:136,27,1,0
BRDA:136,27,2,0
BRDA:136,27,3,0
BRDA:138,28,0,0
BRDA:138,28,1,0
BRDA:140,29,0,0
BRDA:140,29,1,0
BRDA:140,30,0,0
BRDA:140,30,1,0
BRDA:142,31,0,0
BRDA:142,31,1,0
BRDA:142,32,0,0
BRDA:142,32,1,0
BRDA:167,33,0,0
BRDA:167,33,1,0
BRDA:178,34,0,0
BRDA:178,34,1,0
BRDA:178,35,0,0
BRDA:178,35,1,0
BRDA:178,36,0,0
BRDA:178,36,1,0
BRDA:191,37,0,0
BRDA:191,37,1,0
BRDA:202,38,0,0
BRDA:202,38,1,0
BRDA:202,39,0,0
BRDA:202,39,1,0
BRDA:205,40,0,0
BRDA:205,40,1,0
BRDA:209,41,0,0
BRDA:209,41,1,0
BRDA:209,42,0,0
BRDA:209,42,1,0
BRDA:226,43,0,0
BRDA:226,43,1,0
BRDA:228,44,0,0
BRDA:228,44,1,0
BRDA:228,45,0,0
BRDA:228,45,1,0
BRDA:230,46,0,0
BRDA:230,46,1,0
BRDA:230,47,0,0
BRDA:230,47,1,0
BRDA:293,48,0,0
BRDA:293,48,1,0
BRDA:293,49,0,0
BRDA:293,49,1,0
BRDA:297,50,0,0
BRDA:297,50,1,0
BRDA:297,51,0,0
BRDA:297,51,1,0
BRDA:306,52,0,0
BRDA:306,52,1,0
BRDA:306,53,0,0
BRDA:306,53,1,0
BRDA:308,54,0,0
BRDA:308,54,1,0
BRDA:312,55,0,0
BRDA:312,55,1,0
BRDA:312,56,0,0
BRDA:312,56,1,0
BRDA:316,57,0,0
BRDA:316,57,1,0
BRDA:335,58,0,0
BRDA:335,58,1,0
BRDA:335,59,0,0
BRDA:335,59,1,0
BRDA:337,60,0,0
BRDA:337,60,1,0
BRDA:340,61,0,0
BRDA:340,61,1,0
BRDA:362,62,0,0
BRDA:362,62,1,0
BRDA:364,63,0,0
BRDA:364,63,1,0
BRDA:364,64,0,0
BRDA:364,64,1,0
BRDA:366,65,0,0
BRDA:366,65,1,0
BRDA:366,66,0,0
BRDA:366,66,1,0
BRDA:391,67,0,0
BRDA:391,67,1,0
BRDA:391,67,2,0
BRDA:402,68,0,0
BRDA:402,68,1,0
BRDA:402,68,2,0
BRDA:402,68,3,0
BRDA:402,68,4,0
BRDA:440,69,0,0
BRDA:440,69,1,0
BRDA:442,70,0,0
BRDA:442,70,1,0
BRDA:442,71,0,0
BRDA:442,71,1,0
BRDA:444,72,0,0
BRDA:444,72,1,0
BRDA:444,73,0,0
BRDA:444,73,1,0
BRDA:469,74,0,0
BRDA:469,74,1,0
BRDA:469,75,0,0
BRDA:469,75,1,0
BRDA:480,76,0,0
BRDA:480,76,1,0
BRDA:491,77,0,0
BRDA:491,77,1,0
BRDA:491,78,0,0
BRDA:491,78,1,0
BRDA:502,79,0,0
BRDA:502,79,1,0
BRDA:515,80,0,0
BRDA:515,80,1,0
BRDA:533,81,0,0
BRDA:533,81,1,0
BRDA:535,82,0,0
BRDA:535,82,1,0
BRDA:535,83,0,0
BRDA:535,83,1,0
BRDA:537,84,0,0
BRDA:537,84,1,0
BRDA:537,85,0,0
BRDA:537,85,1,0
BRDA:588,86,0,0
BRDA:588,86,1,0
BRDA:602,87,0,0
BRDA:602,87,1,0
BRDA:611,88,0,0
BRDA:611,88,1,0
BRDA:617,89,0,0
BRDA:617,89,1,0
BRDA:617,90,0,0
BRDA:617,90,1,0
BRDA:626,91,0,0
BRDA:626,91,1,0
BRDA:666,92,0,0
BRDA:666,92,1,0
BRDA:668,93,0,0
BRDA:668,93,1,0
BRDA:668,94,0,0
BRDA:668,94,1,0
BRDA:670,95,0,0
BRDA:670,95,1,0
BRDA:670,96,0,0
BRDA:670,96,1,0
BRDA:725,97,0,0
BRDA:725,97,1,0
BRDA:731,98,0,0
BRDA:731,98,1,0
BRDA:767,99,0,0
BRDA:767,99,1,0
BRDA:769,100,0,0
BRDA:769,100,1,0
BRDA:769,101,0,0
BRDA:769,101,1,0
BRDA:771,102,0,0
BRDA:771,102,1,0
BRDA:771,103,0,0
BRDA:771,103,1,0
BRDA:826,104,0,0
BRDA:826,104,1,0
BRDA:832,105,0,0
BRDA:832,105,1,0
BRDA:864,106,0,0
BRDA:864,106,1,0
BRDA:866,107,0,0
BRDA:866,107,1,0
BRDA:866,108,0,0
BRDA:866,108,1,0
BRDA:868,109,0,0
BRDA:868,109,1,0
BRDA:868,110,0,0
BRDA:868,110,1,0
BRDA:923,111,0,0
BRDA:923,111,1,0
BRDA:929,112,0,0
BRDA:929,112,1,0
BRDA:961,113,0,0
BRDA:961,113,1,0
BRDA:963,114,0,0
BRDA:963,114,1,0
BRDA:963,115,0,0
BRDA:963,115,1,0
BRDA:965,116,0,0
BRDA:965,116,1,0
BRDA:965,117,0,0
BRDA:965,117,1,0
BRDA:1045,118,0,0
BRDA:1045,118,1,0
BRDA:1045,119,0,0
BRDA:1045,119,1,0
BRDA:1048,120,0,0
BRDA:1048,120,1,0
BRDA:1048,121,0,0
BRDA:1048,121,1,0
BRDA:1054,122,0,0
BRDA:1054,122,1,0
BRDA:1057,123,0,0
BRDA:1057,123,1,0
BRDA:1084,124,0,0
BRDA:1084,124,1,0
BRDA:1084,125,0,0
BRDA:1084,125,1,0
BRDA:1086,126,0,0
BRDA:1086,126,1,0
BRDA:1092,127,0,0
BRDA:1092,127,1,0
BRDA:1092,128,0,0
BRDA:1092,128,1,0
BRDA:1098,129,0,0
BRDA:1098,129,1,0
BRDA:1134,130,0,0
BRDA:1134,130,1,0
BRDA:1136,131,0,0
BRDA:1136,131,1,0
BRDA:1136,132,0,0
BRDA:1136,132,1,0
BRDA:1138,133,0,0
BRDA:1138,133,1,0
BRDA:1138,134,0,0
BRDA:1138,134,1,0
BRDA:1172,135,0,0
BRDA:1172,135,1,0
BRDA:1178,136,0,0
BRDA:1178,136,1,0
BRDA:1204,137,0,0
BRDA:1204,137,1,0
BRDA:1210,138,0,0
BRDA:1210,138,1,0
BRDA:1240,139,0,0
BRDA:1240,139,1,0
BRDA:1240,140,0,0
BRDA:1240,140,1,0
BRDA:1240,141,0,0
BRDA:1240,141,1,0
BRDA:1240,142,0,0
BRDA:1240,142,1,0
BRDA:1240,142,2,0
BRDA:1240,142,3,0
BRDA:1242,143,0,0
BRDA:1242,143,1,0
BRDA:1244,144,0,0
BRDA:1244,144,1,0
BRDA:1244,145,0,0
BRDA:1244,145,1,0
BRDA:1246,146,0,0
BRDA:1246,146,1,0
BRDA:1246,147,0,0
BRDA:1246,147,1,0
BRDA:1277,148,0,0
BRDA:1277,148,1,0
BRDA:1277,149,0,0
BRDA:1277,149,1,0
BRDA:1277,149,2,0
BRDA:1278,150,0,0
BRDA:1278,150,1,0
BRDA:1286,151,0,0
BRDA:1286,151,1,0
BRDA:1318,152,0,0
BRDA:1318,152,1,0
BRDA:1327,153,0,0
BRDA:1327,153,1,0
BRDA:1329,154,0,0
BRDA:1329,154,1,0
BRDA:1329,155,0,0
BRDA:1329,155,1,0
BRDA:1331,156,0,0
BRDA:1331,156,1,0
BRDA:1331,157,0,0
BRDA:1331,157,1,0
BRDA:1393,158,0,0
BRDA:1393,158,1,0
BRDA:1399,159,0,0
BRDA:1399,159,1,0
BRDA:1405,160,0,0
BRDA:1405,160,1,0
BRDA:1411,161,0,0
BRDA:1411,161,1,0
BRDA:1417,162,0,0
BRDA:1417,162,1,0
BRDA:1423,163,0,0
BRDA:1423,163,1,0
BRDA:1429,164,0,0
BRDA:1429,164,1,0
BRDA:1435,165,0,0
BRDA:1435,165,1,0
BRDA:1435,166,0,0
BRDA:1435,166,1,0
BRDA:1435,167,0,0
BRDA:1435,167,1,0
BRDA:1435,168,0,0
BRDA:1435,168,1,0
BRDA:1435,169,0,0
BRDA:1435,169,1,0
BRDA:1435,170,0,0
BRDA:1435,170,1,0
BRDA:1435,171,0,0
BRDA:1435,171,1,0
BRDA:1435,172,0,0
BRDA:1435,172,1,0
BRDA:1438,173,0,0
BRDA:1438,173,1,0
BRDA:1454,174,0,0
BRDA:1454,174,1,0
BRDA:1454,175,0,0
BRDA:1454,175,1,0
BRDA:1454,176,0,0
BRDA:1454,176,1,0
BRDA:1454,177,0,0
BRDA:1454,177,1,0
BRDA:1454,178,0,0
BRDA:1454,178,1,0
BRDA:1454,179,0,0
BRDA:1454,179,1,0
BRDA:1454,180,0,0
BRDA:1454,180,1,0
BRDA:1454,181,0,0
BRDA:1454,181,1,0
BRDA:1454,182,0,0
BRDA:1454,182,1,0
BRDA:1454,183,0,0
BRDA:1454,183,1,0
BRDA:1454,184,0,0
BRDA:1454,184,1,0
BRDA:1454,184,2,0
BRDA:1454,185,0,0
BRDA:1454,185,1,0
BRDA:1454,186,0,0
BRDA:1454,186,1,0
BRDA:1454,187,0,0
BRDA:1454,187,1,0
BRDA:1454,188,0,0
BRDA:1454,188,1,0
BRDA:1486,189,0,0
BRDA:1486,189,1,0
BRDA:1492,190,0,0
BRDA:1492,190,1,0
BRDA:1502,191,0,0
BRDA:1502,191,1,0
BRDA:1574,192,0,0
BRDA:1574,192,1,0
BRDA:1576,193,0,0
BRDA:1576,193,1,0
BRDA:1576,194,0,0
BRDA:1576,194,1,0
BRDA:1578,195,0,0
BRDA:1578,195,1,0
BRDA:1578,196,0,0
BRDA:1578,196,1,0
BRDA:1647,197,0,0
BRDA:1647,197,1,0
BRDA:1647,198,0,0
BRDA:1647,198,1,0
BRDA:1647,198,2,0
BRDA:1692,199,0,0
BRDA:1692,199,1,0
BRDA:1692,200,0,0
BRDA:1692,200,1,0
BRDA:1696,201,0,0
BRDA:1696,201,1,0
BRDA:1696,202,0,0
BRDA:1696,202,1,0
BRDA:1705,203,0,0
BRDA:1705,203,1,0
BRDA:1720,204,0,0
BRDA:1720,204,1,0
BRDA:1735,205,0,0
BRDA:1735,205,1,0
BRDA:1760,206,0,0
BRDA:1760,206,1,0
BRDA:1765,207,0,0
BRDA:1765,207,1,0
BRDA:1771,208,0,0
BRDA:1771,208,1,0
BRDA:1779,209,0,0
BRDA:1779,209,1,0
BRDA:1797,210,0,0
BRDA:1797,210,1,0
BRDA:1801,211,0,0
BRDA:1801,211,1,0
BRDA:1811,212,0,0
BRDA:1811,212,1,0
BRDA:1812,213,0,0
BRDA:1812,213,1,0
BRDA:1839,214,0,0
BRDA:1839,214,1,0
BRDA:1839,214,2,0
BRDA:1855,215,0,0
BRDA:1855,215,1,0
BRDA:1868,216,0,0
BRDA:1868,216,1,0
BRDA:1870,217,0,0
BRDA:1870,217,1,0
BRDA:1895,218,0,0
BRDA:1895,218,1,0
BRDA:1943,219,0,0
BRDA:1943,219,1,0
BRDA:1943,220,0,0
BRDA:1943,220,1,0
BRDA:1943,221,0,0
BRDA:1943,221,1,0
BRDA:1943,222,0,0
BRDA:1943,222,1,0
BRDA:1943,222,2,0
BRDA:1943,222,3,0
BRDA:1945,223,0,0
BRDA:1945,223,1,0
BRDA:1947,224,0,0
BRDA:1947,224,1,0
BRDA:1947,225,0,0
BRDA:1947,225,1,0
BRDA:1949,226,0,0
BRDA:1949,226,1,0
BRDA:1949,227,0,0
BRDA:1949,227,1,0
BRDA:1951,228,0,0
BRDA:1951,228,1,0
BRDA:1951,229,0,0
BRDA:1951,229,1,0
BRDA:1951,229,2,0
BRDA:1953,230,0,0
BRDA:1953,230,1,0
BRDA:1955,231,0,0
BRDA:1955,231,1,0
BRDA:1955,232,0,0
BRDA:1955,232,1,0
BRDA:1955,233,0,0
BRDA:1955,233,1,0
BRDA:1955,234,0,0
BRDA:1955,234,1,0
BRDA:1955,235,0,0
BRDA:1955,235,1,0
BRDA:1973,236,0,0
BRDA:1973,236,1,0
BRDA:2010,237,0,0
BRDA:2010,237,1,0
BRDA:2011,238,0,0
BRDA:2011,238,1,0
BRDA:2034,239,0,0
BRDA:2034,239,1,0
BRDA:2038,240,0,0
BRDA:2038,240,1,0
BRDA:2044,241,0,0
BRDA:2044,241,1,0
BRDA:2045,242,0,0
BRDA:2045,242,1,0
BRDA:2059,243,0,0
BRDA:2059,243,1,0
BRDA:2059,243,2,0
BRDA:2059,243,3,0
BRDA:2059,243,4,0
BRDA:2075,244,0,0
BRDA:2075,244,1,0
BRDA:2077,245,0,0
BRDA:2077,245,1,0
BRDA:2077,246,0,0
BRDA:2077,246,1,0
BRDA:2079,247,0,0
BRDA:2079,247,1,0
BRDA:2079,248,0,0
BRDA:2079,248,1,0
BRDA:2118,249,0,0
BRDA:2118,249,1,0
BRDA:2143,250,0,0
BRDA:2143,250,1,0
BRDA:2149,251,0,0
BRDA:2149,251,1,0
BRDA:2154,252,0,0
BRDA:2154,252,1,0
BRDA:2154,253,0,0
BRDA:2154,253,1,0
BRDA:2154,253,2,0
BRDA:2154,253,3,0
BRDA:2154,253,4,0
BRDA:2154,253,5,0
BRDA:2187,254,0,0
BRDA:2187,254,1,0
BRDA:2189,255,0,0
BRDA:2189,255,1,0
BRDA:2189,256,0,0
BRDA:2189,256,1,0
BRDA:2191,257,0,0
BRDA:2191,257,1,0
BRDA:2191,258,0,0
BRDA:2191,258,1,0
BRDA:2240,259,0,0
BRDA:2240,259,1,0
BRDA:2251,260,0,0
BRDA:2251,260,1,0
BRDA:2256,261,0,0
BRDA:2256,261,1,0
BRDA:2279,262,0,0
BRDA:2279,262,1,0
BRDA:2281,263,0,0
BRDA:2281,263,1,0
BRDA:2281,264,0,0
BRDA:2281,264,1,0
BRDA:2283,265,0,0
BRDA:2283,265,1,0
BRDA:2283,266,0,0
BRDA:2283,266,1,0
BRDA:2311,267,0,0
BRDA:2311,267,1,0
BRDA:2311,268,0,0
BRDA:2311,268,1,0
BRDA:2322,269,0,0
BRDA:2322,269,1,0
BRDA:2334,270,0,0
BRDA:2334,270,1,0
BRDA:2334,270,2,0
BRDA:2334,270,3,0
BRDA:2352,271,0,0
BRDA:2352,271,1,0
BRDA:2354,272,0,0
BRDA:2354,272,1,0
BRDA:2354,273,0,0
BRDA:2354,273,1,0
BRDA:2356,274,0,0
BRDA:2356,274,1,0
BRDA:2356,275,0,0
BRDA:2356,275,1,0
BRDA:2396,276,0,0
BRDA:2396,276,1,0
BRDA:2400,277,0,0
BRDA:2400,277,1,0
BRDA:2400,278,0,0
BRDA:2400,278,1,0
BRDA:2400,278,2,0
BRDA:2404,279,0,0
BRDA:2404,279,1,0
BRDA:2404,280,0,0
BRDA:2404,280,1,0
BRDA:2408,281,0,0
BRDA:2408,281,1,0
BRDA:2408,282,0,0
BRDA:2408,282,1,0
BRDA:2433,283,0,0
BRDA:2433,283,1,0
BRDA:2435,284,0,0
BRDA:2435,284,1,0
BRDA:2435,285,0,0
BRDA:2435,285,1,0
BRDA:2437,286,0,0
BRDA:2437,286,1,0
BRDA:2437,287,0,0
BRDA:2437,287,1,0
BRDA:2479,288,0,0
BRDA:2479,288,1,0
BRDA:2483,289,0,0
BRDA:2483,289,1,0
BRDA:2483,290,0,0
BRDA:2483,290,1,0
BRDA:2487,291,0,0
BRDA:2487,291,1,0
BRDA:2487,292,0,0
BRDA:2487,292,1,0
BRDA:2491,293,0,0
BRDA:2491,293,1,0
BRDA:2491,294,0,0
BRDA:2491,294,1,0
BRF:618
BRH:0
end_of_record
TN:
SF:D:\Workarea\iotaeco\iota-pico-data\pkg\iota-pico-data.min.js
FN:1,(anonymous_0)
FN:1,(anonymous_1)
FN:1,(anonymous_2)
FN:1,r
FN:1,(anonymous_4)
FN:1,(anonymous_5)
FN:1,(anonymous_6)
FN:1,(anonymous_7)
FN:1,(anonymous_8)
FN:1,(anonymous_9)
FN:1,n
FN:1,(anonymous_11)
FN:1,(anonymous_12)
FN:1,o
FN:1,(anonymous_14)
FN:1,(anonymous_15)
FN:1,t
FN:1,(anonymous_17)
FN:1,(anonymous_18)
FN:1,(anonymous_19)
FN:1,n
FN:1,(anonymous_21)
FN:1,(anonymous_22)
FN:1,o
FN:1,(anonymous_24)
FN:1,e
FN:1,(anonymous_26)
FN:1,(anonymous_27)
FN:1,(anonymous_28)
FN:1,(anonymous_29)
FN:1,(anonymous_30)
FN:1,(anonymous_31)
FN:1,n
FN:1,(anonymous_33)
FN:1,e
FN:1,(anonymous_35)
FN:1,(anonymous_36)
FN:1,(anonymous_37)
FN:1,(anonymous_38)
FN:1,(anonymous_39)
FN:1,(anonymous_40)
FN:1,(anonymous_41)
FN:1,n
FN:1,(anonymous_43)
FN:1,e
FN:1,(anonymous_45)
FN:1,(anonymous_46)
FN:1,(anonymous_47)
FN:1,(anonymous_48)
FN:1,(anonymous_49)
FN:1,(anonymous_50)
FN:1,n
FN:1,(anonymous_52)
FN:1,e
FN:1,(anonymous_54)
FN:1,(anonymous_55)
FN:1,(anonymous_56)
FN:1,(anonymous_57)
FN:1,(anonymous_58)
FN:1,(anonymous_59)
FN:1,(anonymous_60)
FN:1,(anonymous_61)
FN:1,(anonymous_62)
FN:1,n
FN:1,(anonymous_64)
FN:1,e
FN:1,(anonymous_66)
FN:1,(anonymous_67)
FN:1,(anonymous_68)
FN:1,(anonymous_69)
FN:1,(anonymous_70)
FN:1,(anonymous_71)
FN:1,n
FN:1,(anonymous_73)
FN:1,e
FN:1,(anonymous_75)
FN:1,(anonymous_76)
FN:1,(anonymous_77)
FN:1,(anonymous_78)
FN:1,(anonymous_79)
FN:1,n
FN:1,(anonymous_81)
FN:1,e
FN:1,(anonymous_83)
FN:1,(anonymous_84)
FN:1,(anonymous_85)
FN:1,(anonymous_86)
FN:1,(anonymous_87)
FN:1,n
FN:1,(anonymous_89)
FN:1,e
FN:1,(anonymous_91)
FN:1,(anonymous_92)
FN:1,(anonymous_93)
FN:1,(anonymous_94)
FN:1,(anonymous_95)
FN:1,n
FN:1,(anonymous_97)
FN:1,e
FN:1,(anonymous_99)
FN:1,(anonymous_100)
FN:1,(anonymous_101)
FN:1,(anonymous_102)
FN:1,(anonymous_103)
FN:1,(anonymous_104)
FN:1,(anonymous_105)
FN:1,(anonymous_106)
FN:1,n
FN:1,(anonymous_108)
FN:1,e
FN:1,(anonymous_110)
FN:1,(anonymous_111)
FN:1,(anonymous_112)
FN:1,(anonymous_113)
FN:1,n
FN:1,(anonymous_115)
FN:1,(anonymous_116)
FN:1,o
FN:1,(anonymous_118)
FN:1,e
FN:1,(anonymous_120)
FN:1,(anonymous_121)
FN:1,(anonymous_122)
FN:1,(anonymous_123)
FN:1,(anonymous_124)
FN:1,(anonymous_125)
FN:1,n
FN:1,(anonymous_127)
FN:1,e
FN:1,(anonymous_129)
FN:1,(anonymous_130)
FN:1,(anonymous_131)
FN:1,(anonymous_132)
FN:1,(anonymous_133)
FN:1,(anonymous_134)
FN:1,n
FN:1,(anonymous_136)
FN:1,e
FN:1,(anonymous_138)
FN:1,(anonymous_139)
FN:1,(anonymous_140)
FN:1,(anonymous_141)
FN:1,(anonymous_142)
FN:1,(anonymous_143)
FN:1,(anonymous_144)
FN:1,(anonymous_145)
FN:1,(anonymous_146)
FN:1,(anonymous_147)
FN:1,(anonymous_148)
FN:1,(anonymous_149)
FN:1,(anonymous_150)
FN:1,(anonymous_151)
FN:1,(anonymous_152)
FN:1,(anonymous_153)
FN:1,(anonymous_154)
FN:1,n
FN:1,(anonymous_156)
FN:1,n
FN:1,(anonymous_158)
FN:1,(anonymous_159)
FN:1,o
FN:1,a
FN:1,(anonymous_162)
FN:1,i
FN:1,t
FN:1,(anonymous_165)
FN:1,t
FN:1,(anonymous_167)
FN:1,(anonymous_168)
FN:1,(anonymous_169)
FN:1,(anonymous_170)
FN:1,(anonymous_171)
FN:1,(anonymous_172)
FN:1,n
FN:1,(anonymous_174)
FN:1,e
FN:1,(anonymous_176)
FN:1,(anonymous_177)
FN:1,(anonymous_178)
FN:1,(anonymous_179)
FN:1,n
FN:1,(anonymous_181)
FN:1,e
FN:1,(anonymous_183)
FN:1,(anonymous_184)
FN:1,(anonymous_185)
FN:1,(anonymous_186)
FN:1,n
FN:1,(anonymous_188)
FN:1,e
FN:1,(anonymous_190)
FN:1,(anonymous_191)
FN:1,(anonymous_192)
FN:1,(anonymous_193)
FN:1,(anonymous_194)
FN:1,(anonymous_195)
FN:1,n
FN:1,(anonymous_197)
FN:1,e
FN:1,(anonymous_199)
FN:1,(anonymous_200)
FN:1,(anonymous_201)
FN:1,n
FN:1,(anonymous_203)
FN:1,e
FN:1,(anonymous_205)
FN:1,(anonymous_206)
FNF:207
FNH:0
FNDA:0,(anonymous_0)
FNDA:0,(anonymous_1)
FNDA:0,(anonymous_2)
FNDA:0,r
FNDA:0,(anonymous_4)
FNDA:0,(anonymous_5)
FNDA:0,(anonymous_6)
FNDA:0,(anonymous_7)
FNDA:0,(anonymous_8)
FNDA:0,(anonymous_9)
FNDA:0,n
FNDA:0,(anonymous_11)
FNDA:0,(anonymous_12)
FNDA:0,o
FNDA:0,(anonymous_14)
FNDA:0,(anonymous_15)
FNDA:0,t
FNDA:0,(anonymous_17)
FNDA:0,(anonymous_18)
FNDA:0,(anonymous_19)
FNDA:0,n
FNDA:0,(anonymous_21)
FNDA:0,(anonymous_22)
FNDA:0,o
FNDA:0,(anonymous_24)
FNDA:0,e
FNDA:0,(anonymous_26)
FNDA:0,(anonymous_27)
FNDA:0,(anonymous_28)
FNDA:0,(anonymous_29)
FNDA:0,(anonymous_30)
FNDA:0,(anonymous_31)
FNDA:0,n
FNDA:0,(anonymous_33)
FNDA:0,e
FNDA:0,(anonymous_35)
FNDA:0,(anonymous_36)
FNDA:0,(anonymous_37)
FNDA:0,(anonymous_38)
FNDA:0,(anonymous_39)
FNDA:0,(anonymous_40)
FNDA:0,(anonymous_41)
FNDA:0,n
FNDA:0,(anonymous_43)
FNDA:0,e
FNDA:0,(anonymous_45)
FNDA:0,(anonymous_46)
FNDA:0,(anonymous_47)
FNDA:0,(anonymous_48)
FNDA:0,(anonymous_49)
FNDA:0,(anonymous_50)
FNDA:0,n
FNDA:0,(anonymous_52)
FNDA:0,e
FNDA:0,(anonymous_54)
FNDA:0,(anonymous_55)
FNDA:0,(anonymous_56)
FNDA:0,(anonymous_57)
FNDA:0,(anonymous_58)
FNDA:0,(anonymous_59)
FNDA:0,(anonymous_60)
FNDA:0,(anonymous_61)
FNDA:0,(anonymous_62)
FNDA:0,n
FNDA:0,(anonymous_64)
FNDA:0,e
FNDA:0,(anonymous_66)
FNDA:0,(anonymous_67)
FNDA:0,(anonymous_68)
FNDA:0,(anonymous_69)
FNDA:0,(anonymous_70)
FNDA:0,(anonymous_71)
FNDA:0,n
FNDA:0,(anonymous_73)
FNDA:0,e
FNDA:0,(anonymous_75)
FNDA:0,(anonymous_76)
FNDA:0,(anonymous_77)
FNDA:0,(anonymous_78)
FNDA:0,(anonymous_79)
FNDA:0,n
FNDA:0,(anonymous_81)
FNDA:0,e
FNDA:0,(anonymous_83)
FNDA:0,(anonymous_84)
FNDA:0,(anonymous_85)
FNDA:0,(anonymous_86)
FNDA:0,(anonymous_87)
FNDA:0,n
FNDA:0,(anonymous_89)
FNDA:0,e
FNDA:0,(anonymous_91)
FNDA:0,(anonymous_92)
FNDA:0,(anonymous_93)
FNDA:0,(anonymous_94)
FNDA:0,(anonymous_95)
FNDA:0,n
FNDA:0,(anonymous_97)
FNDA:0,e
FNDA:0,(anonymous_99)
FNDA:0,(anonymous_100)
FNDA:0,(anonymous_101)
FNDA:0,(anonymous_102)
FNDA:0,(anonymous_103)
FNDA:0,(anonymous_104)
FNDA:0,(anonymous_105)
FNDA:0,(anonymous_106)
FNDA:0,n
FNDA:0,(anonymous_108)
FNDA:0,e
FNDA:0,(anonymous_110)
FNDA:0,(anonymous_111)
FNDA:0,(anonymous_112)
FNDA:0,(anonymous_113)
FNDA:0,n
FNDA:0,(anonymous_115)
FNDA:0,(anonymous_116)
FNDA:0,o
FNDA:0,(anonymous_118)
FNDA:0,e
FNDA:0,(anonymous_120)
FNDA:0,(anonymous_121)
FNDA:0,(anonymous_122)
FNDA:0,(anonymous_123)
FNDA:0,(anonymous_124)
FNDA:0,(anonymous_125)
FNDA:0,n
FNDA:0,(anonymous_127)
FNDA:0,e
FNDA:0,(anonymous_129)
FNDA:0,(anonymous_130)
FNDA:0,(anonymous_131)
FNDA:0,(anonymous_132)
FNDA:0,(anonymous_133)
FNDA:0,(anonymous_134)
FNDA:0,n
FNDA:0,(anonymous_136)
FNDA:0,e
FNDA:0,(anonymous_138)
FNDA:0,(anonymous_139)
FNDA:0,(anonymous_140)
FNDA:0,(anonymous_141)
FNDA:0,(anonymous_142)
FNDA:0,(anonymous_143)
FNDA:0,(anonymous_144)
FNDA:0,(anonymous_145)
FNDA:0,(anonymous_146)
FNDA:0,(anonymous_147)
FNDA:0,(anonymous_148)
FNDA:0,(anonymous_149)
FNDA:0,(anonymous_150)
FNDA:0,(anonymous_151)
FNDA:0,(anonymous_152)
FNDA:0,(anonymous_153)
FNDA:0,(anonymous_154)
FNDA:0,n
FNDA:0,(anonymous_156)
FNDA:0,n
FNDA:0,(anonymous_158)
FNDA:0,(anonymous_159)
FNDA:0,o
FNDA:0,a
FNDA:0,(anonymous_162)
FNDA:0,i
FNDA:0,t
FNDA:0,(anonymous_165)
FNDA:0,t
FNDA:0,(anonymous_167)
FNDA:0,(anonymous_168)
FNDA:0,(anonymous_169)
FNDA:0,(anonymous_170)
FNDA:0,(anonymous_171)
FNDA:0,(anonymous_172)
FNDA:0,n
FNDA:0,(anonymous_174)
FNDA:0,e
FNDA:0,(anonymous_176)
FNDA:0,(anonymous_177)
FNDA:0,(anonymous_178)
FNDA:0,(anonymous_179)
FNDA:0,n
FNDA:0,(anonymous_181)
FNDA:0,e
FNDA:0,(anonymous_183)
FNDA:0,(anonymous_184)
FNDA:0,(anonymous_185)
FNDA:0,(anonymous_186)
FNDA:0,n
FNDA:0,(anonymous_188)
FNDA:0,e
FNDA:0,(anonymous_190)
FNDA:0,(anonymous_191)
FNDA:0,(anonymous_192)
FNDA:0,(anonymous_193)
FNDA:0,(anonymous_194)
FNDA:0,(anonymous_195)
FNDA:0,n
FNDA:0,(anonymous_197)
FNDA:0,e
FNDA:0,(anonymous_199)
FNDA:0,(anonymous_200)
FNDA:0,(anonymous_201)
FNDA:0,n
FNDA:0,(anonymous_203)
FNDA:0,e
FNDA:0,(anonymous_205)
FNDA:0,(anonymous_206)
DA:1,0
LF:1
LH:0
BRDA:1,0,0,0
BRDA:1,0,1,0
BRDA:1,1,0,0
BRDA:1,1,1,0
BRDA:1,2,0,0
BRDA:1,2,1,0
BRDA:1,3,0,0
BRDA:1,3,1,0
BRDA:1,4,0,0
BRDA:1,4,1,0
BRDA:1,5,0,0
BRDA:1,5,1,0
BRDA:1,6,0,0
BRDA:1,6,1,0
BRDA:1,7,0,0
BRDA:1,7,1,0
BRDA:1,8,0,0
BRDA:1,8,1,0
BRDA:1,9,0,0
BRDA:1,9,1,0
BRDA:1,10,0,0
BRDA:1,10,1,0
BRDA:1,11,0,0
BRDA:1,11,1,0
BRDA:1,12,0,0
BRDA:1,12,1,0
BRDA:1,13,0,0
BRDA:1,13,1,0
BRDA:1,13,2,0
BRDA:1,13,3,0
BRDA:1,14,0,0
BRDA:1,14,1,0
BRDA:1,15,0,0
BRDA:1,15,1,0
BRDA:1,15,2,0
BRDA:1,16,0,0
BRDA:1,16,1,0
BRDA:1,17,0,0
BRDA:1,17,1,0
BRDA:1,18,0,0
BRDA:1,18,1,0
BRDA:1,19,0,0
BRDA:1,19,1,0
BRDA:1,20,0,0
BRDA:1,20,1,0
BRDA:1,21,0,0
BRDA:1,21,1,0
BRDA:1,22,0,0
BRDA:1,22,1,0
BRDA:1,23,0,0
BRDA:1,23,1,0
BRDA:1,24,0,0
BRDA:1,24,1,0
BRDA:1,25,0,0
BRDA:1,25,1,0
BRDA:1,26,0,0
BRDA:1,26,1,0
BRDA:1,27,0,0
BRDA:1,27,1,0
BRDA:1,27,2,0
BRDA:1,27,3,0
BRDA:1,28,0,0
BRDA:1,28,1,0
BRDA:1,29,0,0
BRDA:1,29,1,0
BRDA:1,30,0,0
BRDA:1,30,1,0
BRDA:1,31,0,0
BRDA:1,31,1,0
BRDA:1,32,0,0
BRDA:1,32,1,0
BRDA:1,32,2,0
BRDA:1,32,3,0
BRDA:1,33,0,0
BRDA:1,33,1,0
BRDA:1,34,0,0
BRDA:1,34,1,0
BRDA:1,35,0,0
BRDA:1,35,1,0
BRDA:1,36,0,0
BRDA:1,36,1,0
BRDA:1,37,0,0
BRDA:1,37,1,0
BRDA:1,38,0,0
BRDA:1,38,1,0
BRDA:1,39,0,0
BRDA:1,39,1,0
BRDA:1,40,0,0
BRDA:1,40,1,0
BRDA:1,41,0,0
BRDA:1,41,1,0
BRDA:1,42,0,0
BRDA:1,42,1,0
BRDA:1,43,0,0
BRDA:1,43,1,0
BRDA:1,44,0,0
BRDA:1,44,1,0
BRDA:1,45,0,0
BRDA:1,45,1,0
BRDA:1,46,0,0
BRDA:1,46,1,0
BRDA:1,47,0,0
BRDA:1,47,1,0
BRDA:1,48,0,0
BRDA:1,48,1,0
BRDA:1,49,0,0
BRDA:1,49,1,0
BRDA:1,50,0,0
BRDA:1,50,1,0
BRDA:1,51,0,0
BRDA:1,51,1,0
BRDA:1,52,0,0
BRDA:1,52,1,0
BRDA:1,53,0,0
BRDA:1,53,1,0
BRDA:1,54,0,0
BRDA:1,54,1,0
BRDA:1,55,0,0
BRDA:1,55,1,0
BRDA:1,56,0,0
BRDA:1,56,1,0
BRDA:1,57,0,0
BRDA:1,57,1,0
BRDA:1,58,0,0
BRDA:1,58,1,0
BRDA:1,59,0,0
BRDA:1,59,1,0
BRDA:1,60,0,0
BRDA:1,60,1,0
BRDA:1,61,0,0
BRDA:1,61,1,0
BRDA:1,62,0,0
BRDA:1,62,1,0
BRDA:1,63,0,0
BRDA:1,63,1,0
BRDA:1,63,2,0
BRDA:1,64,0,0
BRDA:1,64,1,0
BRDA:1,64,2,0
BRDA:1,64,3,0
BRDA:1,64,4,0
BRDA:1,65,0,0
BRDA:1,65,1,0
BRDA:1,66,0,0
BRDA:1,66,1,0
BRDA:1,67,0,0
BRDA:1,67,1,0
BRDA:1,68,0,0
BRDA:1,68,1,0
BRDA:1,69,0,0
BRDA:1,69,1,0
BRDA:1,70,0,0
BRDA:1,70,1,0
BRDA:1,70,2,0
BRDA:1,71,0,0
BRDA:1,71,1,0
BRDA:1,72,0,0
BRDA:1,72,1,0
BRDA:1,72,2,0
BRDA:1,73,0,0
BRDA:1,73,1,0
BRDA:1,74,0,0
BRDA:1,74,1,0
BRDA:1,75,0,0
BRDA:1,75,1,0
BRDA:1,76,0,0
BRDA:1,76,1,0
BRDA:1,77,0,0
BRDA:1,77,1,0
BRDA:1,78,0,0
BRDA:1,78,1,0
BRDA:1,79,0,0
BRDA:1,79,1,0
BRDA:1,80,0,0
BRDA:1,80,1,0
BRDA:1,81,0,0
BRDA:1,81,1,0
BRDA:1,82,0,0
BRDA:1,82,1,0
BRDA:1,83,0,0
BRDA:1,83,1,0
BRDA:1,84,0,0
BRDA:1,84,1,0
BRDA:1,85,0,0
BRDA:1,85,1,0
BRDA:1,86,0,0
BRDA:1,86,1,0
BRDA:1,87,0,0
BRDA:1,87,1,0
BRDA:1,88,0,0
BRDA:1,88,1,0
BRDA:1,89,0,0
BRDA:1,89,1,0
BRDA:1,90,0,0
BRDA:1,90,1,0
BRDA:1,91,0,0
BRDA:1,91,1,0
BRDA:1,92,0,0
BRDA:1,92,1,0
BRDA:1,93,0,0
BRDA:1,93,1,0
BRDA:1,94,0,0
BRDA:1,94,1,0
BRDA:1,95,0,0
BRDA:1,95,1,0
BRDA:1,96,0,0
BRDA:1,96,1,0
BRDA:1,97,0,0
BRDA:1,97,1,0
BRDA:1,98,0,0
BRDA:1,98,1,0
BRDA:1,99,0,0
BRDA:1,99,1,0
BRDA:1,100,0,0
BRDA:1,100,1,0
BRDA:1,101,0,0
BRDA:1,101,1,0
BRDA:1,102,0,0
BRDA:1,102,1,0
BRDA:1,103,0,0
BRDA:1,103,1,0
BRDA:1,104,0,0
BRDA:1,104,1,0
BRDA:1,105,0,0
BRDA:1,105,1,0
BRDA:1,106,0,0
BRDA:1,106,1,0
BRDA:1,107,0,0
BRDA:1,107,1,0
BRDA:1,108,0,0
BRDA:1,108,1,0
BRDA:1,109,0,0
BRDA:1,109,1,0
BRDA:1,110,0,0
BRDA:1,110,1,0
BRDA:1,111,0,0
BRDA:1,111,1,0
BRDA:1,112,0,0
BRDA:1,112,1,0
BRDA:1,113,0,0
BRDA:1,113,1,0
BRDA:1,114,0,0
BRDA:1,114,1,0
BRDA:1,115,0,0
BRDA:1,115,1,0
BRDA:1,116,0,0
BRDA:1,116,1,0
BRDA:1,117,0,0
BRDA:1,117,1,0
BRDA:1,118,0,0
BRDA:1,118,1,0
BRDA:1,119,0,0
BRDA:1,119,1,0
BRDA:1,120,0,0
BRDA:1,120,1,0
BRDA:1,121,0,0
BRDA:1,121,1,0
BRDA:1,122,0,0
BRDA:1,122,1,0
BRDA:1,123,0,0
BRDA:1,123,1,0
BRDA:1,124,0,0
BRDA:1,124,1,0
BRDA:1,125,0,0
BRDA:1,125,1,0
BRDA:1,126,0,0
BRDA:1,126,1,0
BRDA:1,127,0,0
BRDA:1,127,1,0
BRDA:1,128,0,0
BRDA:1,128,1,0
BRDA:1,129,0,0
BRDA:1,129,1,0
BRDA:1,130,0,0
BRDA:1,130,1,0
BRDA:1,131,0,0
BRDA:1,131,1,0
BRDA:1,132,0,0
BRDA:1,132,1,0
BRDA:1,133,0,0
BRDA:1,133,1,0
BRDA:1,134,0,0
BRDA:1,134,1,0
BRDA:1,135,0,0
BRDA:1,135,1,0
BRDA:1,136,0,0
BRDA:1,136,1,0
BRDA:1,137,0,0
BRDA:1,137,1,0
BRDA:1,138,0,0
BRDA:1,138,1,0
BRDA:1,138,2,0
BRDA:1,138,3,0
BRDA:1,139,0,0
BRDA:1,139,1,0
BRDA:1,140,0,0
BRDA:1,140,1,0
BRDA:1,141,0,0
BRDA:1,141,1,0
BRDA:1,142,0,0
BRDA:1,142,1,0
BRDA:1,143,0,0
BRDA:1,143,1,0
BRDA:1,143,2,0
BRDA:1,144,0,0
BRDA:1,144,1,0
BRDA:1,145,0,0
BRDA:1,145,1,0
BRDA:1,146,0,0
BRDA:1,146,1,0
BRDA:1,147,0,0
BRDA:1,147,1,0
BRDA:1,148,0,0
BRDA:1,148,1,0
BRDA:1,149,0,0
BRDA:1,149,1,0
BRDA:1,150,0,0
BRDA:1,150,1,0
BRDA:1,151,0,0
BRDA:1,151,1,0
BRDA:1,152,0,0
BRDA:1,152,1,0
BRDA:1,153,0,0
BRDA:1,153,1,0
BRDA:1,154,0,0
BRDA:1,154,1,0
BRDA:1,155,0,0
BRDA:1,155,1,0
BRDA:1,156,0,0
BRDA:1,156,1,0
BRDA:1,157,0,0
BRDA:1,157,1,0
BRDA:1,158,0,0
BRDA:1,158,1,0
BRDA:1,159,0,0
BRDA:1,159,1,0
BRDA:1,160,0,0
BRDA:1,160,1,0
BRDA:1,161,0,0
BRDA:1,161,1,0
BRDA:1,162,0,0
BRDA:1,162,1,0
BRDA:1,163,0,0
BRDA:1,163,1,0
BRDA:1,164,0,0
BRDA:1,164,1,0
BRDA:1,165,0,0
BRDA:1,165,1,0
BRDA:1,166,0,0
BRDA:1,166,1,0
BRDA:1,167,0,0
BRDA:1,167,1,0
BRDA:1,168,0,0
BRDA:1,168,1,0
BRDA:1,169,0,0
BRDA:1,169,1,0
BRDA:1,170,0,0
BRDA:1,170,1,0
BRDA:1,171,0,0
BRDA:1,171,1,0
BRDA:1,172,0,0
BRDA:1,172,1,0
BRDA:1,173,0,0
BRDA:1,173,1,0
BRDA:1,174,0,0
BRDA:1,174,1,0
BRDA:1,175,0,0
BRDA:1,175,1,0
BRDA:1,176,0,0
BRDA:1,176,1,0
BRDA:1,177,0,0
BRDA:1,177,1,0
BRDA:1,178,0,0
BRDA:1,178,1,0
BRDA:1,179,0,0
BRDA:1,179,1,0
BRDA:1,180,0,0
BRDA:1,180,1,0
BRDA:1,181,0,0
BRDA:1,181,1,0
BRDA:1,182,0,0
BRDA:1,182,1,0
BRDA:1,182,2,0
BRDA:1,183,0,0
BRDA:1,183,1,0
BRDA:1,184,0,0
BRDA:1,184,1,0
BRDA:1,185,0,0
BRDA:1,185,1,0
BRDA:1,186,0,0
BRDA:1,186,1,0
BRDA:1,187,0,0
BRDA:1,187,1,0
BRDA:1,188,0,0
BRDA:1,188,1,0
BRDA:1,189,0,0
BRDA:1,189,1,0
BRDA:1,190,0,0
BRDA:1,190,1,0
BRDA:1,191,0,0
BRDA:1,191,1,0
BRDA:1,192,0,0
BRDA:1,192,1,0
BRDA:1,193,0,0
BRDA:1,193,1,0
BRDA:1,194,0,0
BRDA:1,194,1,0
BRDA:1,195,0,0
BRDA:1,195,1,0
BRDA:1,196,0,0
BRDA:1,196,1,0
BRDA:1,197,0,0
BRDA:1,197,1,0
BRDA:1,198,0,0
BRDA:1,198,1,0
BRDA:1,199,0,0
BRDA:1,199,1,0
BRDA:1,200,0,0
BRDA:1,200,1,0
BRDA:1,201,0,0
BRDA:1,201,1,0
BRDA:1,201,2,0
BRDA:1,202,0,0
BRDA:1,202,1,0
BRDA:1,203,0,0
BRDA:1,203,1,0
BRDA:1,204,0,0
BRDA:1,204,1,0
BRDA:1,205,0,0
BRDA:1,205,1,0
BRDA:1,206,0,0
BRDA:1,206,1,0
BRDA:1,207,0,0
BRDA:1,207,1,0
BRDA:1,207,2,0
BRDA:1,208,0,0
BRDA:1,208,1,0
BRDA:1,209,0,0
BRDA:1,209,1,0
BRDA:1,210,0,0
BRDA:1,210,1,0
BRDA:1,211,0,0
BRDA:1,211,1,0
BRDA:1,212,0,0
BRDA:1,212,1,0
BRDA:1,213,0,0
BRDA:1,213,1,0
BRDA:1,214,0,0
BRDA:1,214,1,0
BRDA:1,215,0,0
BRDA:1,215,1,0
BRDA:1,216,0,0
BRDA:1,216,1,0
BRDA:1,217,0,0
BRDA:1,217,1,0
BRDA:1,217,2,0
BRDA:1,217,3,0
BRDA:1,218,0,0
BRDA:1,218,1,0
BRDA:1,219,0,0
BRDA:1,219,1,0
BRDA:1,220,0,0
BRDA:1,220,1,0
BRDA:1,221,0,0
BRDA:1,221,1,0
BRDA:1,221,2,0
BRDA:1,222,0,0
BRDA:1,222,1,0
BRDA:1,223,0,0
BRDA:1,223,1,0
BRDA:1,224,0,0
BRDA:1,224,1,0
BRDA:1,225,0,0
BRDA:1,225,1,0
BRDA:1,226,0,0
BRDA:1,226,1,0
BRDA:1,227,0,0
BRDA:1,227,1,0
BRDA:1,228,0,0
BRDA:1,228,1,0
BRDA:1,229,0,0
BRDA:1,229,1,0
BRDA:1,230,0,0
BRDA:1,230,1,0
BRDA:1,231,0,0
BRDA:1,231,1,0
BRDA:1,232,0,0
BRDA:1,232,1,0
BRDA:1,232,2,0
BRDA:1,232,3,0
BRDA:1,232,4,0
BRDA:1,233,0,0
BRDA:1,233,1,0
BRDA:1,234,0,0
BRDA:1,234,1,0
BRDA:1,235,0,0
BRDA:1,235,1,0
BRDA:1,236,0,0
BRDA:1,236,1,0
BRDA:1,237,0,0
BRDA:1,237,1,0
BRDA:1,238,0,0
BRDA:1,238,1,0
BRDA:1,239,0,0
BRDA:1,239,1,0
BRDA:1,240,0,0
BRDA:1,240,1,0
BRDA:1,241,0,0
BRDA:1,241,1,0
BRDA:1,242,0,0
BRDA:1,242,1,0
BRDA:1,243,0,0
BRDA:1,243,1,0
BRDA:1,244,0,0
BRDA:1,244,1,0
BRDA:1,245,0,0
BRDA:1,245,1,0
BRDA:1,246,0,0
BRDA:1,246,1,0
BRDA:1,247,0,0
BRDA:1,247,1,0
BRDA:1,247,2,0
BRDA:1,247,3,0
BRDA:1,247,4,0
BRDA:1,247,5,0
BRDA:1,248,0,0
BRDA:1,248,1,0
BRDA:1,249,0,0
BRDA:1,249,1,0
BRDA:1,250,0,0
BRDA:1,250,1,0
BRDA:1,251,0,0
BRDA:1,251,1,0
BRDA:1,252,0,0
BRDA:1,252,1,0
BRDA:1,253,0,0
BRDA:1,253,1,0
BRDA:1,254,0,0
BRDA:1,254,1,0
BRDA:1,255,0,0
BRDA:1,255,1,0
BRDA:1,256,0,0
BRDA:1,256,1,0
BRDA:1,257,0,0
BRDA:1,257,1,0
BRDA:1,258,0,0
BRDA:1,258,1,0
BRDA:1,259,0,0
BRDA:1,259,1,0
BRDA:1,260,0,0
BRDA:1,260,1,0
BRDA:1,260,2,0
BRDA:1,261,0,0
BRDA:1,261,1,0
BRDA:1,262,0,0
BRDA:1,262,1,0
BRDA:1,262,2,0
BRDA:1,262,3,0
BRDA:1,263,0,0
BRDA:1,263,1,0
BRDA:1,264,0,0
BRDA:1,264,1,0
BRDA:1,265,0,0
BRDA:1,265,1,0
BRDA:1,266,0,0
BRDA:1,266,1,0
BRDA:1,267,0,0
BRDA:1,267,1,0
BRDA:1,268,0,0
BRDA:1,268,1,0
BRDA:1,269,0,0
BRDA:1,269,1,0
BRDA:1,270,0,0
BRDA:1,270,1,0
BRDA:1,270,2,0
BRDA:1,271,0,0
BRDA:1,271,1,0
BRDA:1,272,0,0
BRDA:1,272,1,0
BRDA:1,273,0,0
BRDA:1,273,1,0
BRDA:1,274,0,0
BRDA:1,274,1,0
BRDA:1,275,0,0
BRDA:1,275,1,0
BRDA:1,276,0,0
BRDA:1,276,1,0
BRDA:1,277,0,0
BRDA:1,277,1,0
BRDA:1,278,0,0
BRDA:1,278,1,0
BRDA:1,279,0,0
BRDA:1,279,1,0
BRDA:1,280,0,0
BRDA:1,280,1,0
BRDA:1,281,0,0
BRDA:1,281,1,0
BRDA:1,282,0,0
BRDA:1,282,1,0
BRDA:1,283,0,0
BRDA:1,283,1,0
BRDA:1,284,0,0
BRDA:1,284,1,0
BRDA:1,285,0,0
BRDA:1,285,1,0
BRDA:1,286,0,0
BRDA:1,286,1,0
BRDA:1,287,0,0
BRDA:1,287,1,0
BRDA:1,288,0,0
BRDA:1,288,1,0
BRF:611
BRH:0
end_of_record
TN:
SF:D:\Workarea\iotaeco\iota-pico-data\src\index.ts
FNF:0
FNH:0
LF:0
LH:0
BRF:0
BRH:0
end_of_record
TN:
SF:D:\Workarea\iotaeco\iota-pico-data\src\converters\asciiTrytesConverter.ts
FN:16,(anonymous_0)
FN:44,(anonymous_1)
FNF:2
FNH:2
FNDA:12,(anonymous_0)
FNDA:17,(anonymous_1)
DA:1,1
DA:2,1
DA:3,1
DA:4,1
DA:10,1
DA:17,12
DA:18,2
DA:21,10
DA:22,1
DA:25,9
DA:27,9
DA:28,193
DA:30,193
DA:31,193
DA:33,193
DA:36,9
DA:45,17
DA:46,3
DA:48,14
DA:50,14
DA:51,2
DA:54,12
DA:56,12
DA:57,199
DA:59,199
DA:60,199
DA:62,199
DA:64,199
DA:67,12
LF:29
LH:29
BRDA:17,0,0,2
BRDA:17,0,1,10
BRDA:21,1,0,1
BRDA:21,1,1,9
BRDA:45,2,0,3
BRDA:45,2,1,14
BRDA:50,3,0,2
BRDA:50,3,1,12
BRF:8
BRH:8
end_of_record
TN:
SF:D:\Workarea\iotaeco\iota-pico-data\src\converters\objectTrytesConverter.ts
FN:19,(anonymous_0)
FN:39,(anonymous_1)
FNF:2
FNH:2
FNDA:9,(anonymous_0)
FNDA:12,(anonymous_1)
DA:1,1
DA:2,1
DA:3,1
DA:4,1
DA:5,1
DA:7,1
DA:13,1
DA:20,9
DA:21,2
DA:25,7
DA:26,7
DA:28,1
DA:31,6
DA:40,12
DA:41,2
DA:44,10
DA:47,9
DA:48,1
DA:52,8
DA:55,1
DA:58,7
DA:61,7
DA:62,7
DA:64,1
DA:67,6
LF:25
LH:25
BRDA:20,0,0,2
BRDA:20,0,1,7
BRDA:40,1,0,2
BRDA:40,1,1,10
BRDA:47,2,0,1
BRDA:47,2,1,8
BRDA:52,3,0,1
BRDA:52,3,1,7
BRDA:52,4,0,8
BRDA:52,4,1,3
BRDA:52,4,2,5
BRDA:52,4,3,0
BRDA:52,4,4,5
BRDA:52,4,5,4
BRF:14
BRH:13
end_of_record
TN:
SF:D:\Workarea\iotaeco\iota-pico-data\src\data\address.ts
FN:33,(anonymous_0)
FN:43,(anonymous_1)
FN:66,(anonymous_2)
FN:74,(anonymous_3)
FN:86,(anonymous_4)
FNF:5
FNH:5
FNDA:38,(anonymous_0)
FNDA:40,(anonymous_1)
FNDA:15,(anonymous_2)
FNDA:4,(anonymous_3)
FNDA:2,(anonymous_4)
DA:1,1
DA:2,1
DA:3,1
DA:8,1
DA:12,1
DA:16,1
DA:20,1
DA:25,1
DA:34,38
DA:35,38
DA:44,40
DA:45,1
DA:48,39
DA:50,39
DA:51,1
DA:54,38
DA:56,38
DA:57,3
DA:59,38
DA:67,15
DA:75,4
DA:76,2
DA:78,2
DA:87,2
DA:88,1
DA:90,1
LF:26
LH:26
BRDA:44,0,0,1
BRDA:44,0,1,39
BRDA:50,1,0,1
BRDA:50,1,1,38
BRDA:50,2,0,39
BRDA:50,2,1,4
BRDA:56,3,0,3
BRDA:56,3,1,35
BRDA:75,4,0,2
BRDA:75,4,1,2
BRDA:87,5,0,1
BRDA:87,5,1,1
BRF:12
BRH:12
end_of_record
TN:
SF:D:\Workarea\iotaeco\iota-pico-data\src\data\addressSecurity.ts
FN:4,(anonymous_0)
FNF:1
FNH:1
FNDA:1,(anonymous_0)
DA:4,1
DA:5,1
DA:6,1
DA:7,1
LF:4
LH:4
BRDA:4,0,0,1
BRDA:4,0,1,1
BRF:2
BRH:2
end_of_record
TN:
SF:D:\Workarea\iotaeco\iota-pico-data\src\data\bundle.ts
FN:26,(anonymous_0)
FN:38,(anonymous_1)
FN:51,(anonymous_2)
FNF:3
FNH:3
FNDA:4,(anonymous_0)
FNDA:2,(anonymous_1)
FNDA:2,(anonymous_2)
DA:1,1
DA:2,1
DA:4,1
DA:5,1
DA:6,1
DA:7,1
DA:8,1
DA:13,1
DA:27,4
DA:39,2
DA:40,4
DA:52,2
DA:53,1
DA:56,1
DA:57,2
DA:58,2
DA:59,2
DA:60,2
DA:61,2
DA:62,2
DA:63,2
LF:21
LH:21
BRDA:40,0,0,2
BRDA:40,0,1,2
BRDA:52,1,0,1
BRDA:52,1,1,1
BRDA:57,2,0,2
BRDA:57,2,1,1
BRF:6
BRH:6
end_of_record
TN:
SF:D:\Workarea\iotaeco\iota-pico-data\src\data\hash.ts
FN:22,(anonymous_0)
FN:31,(anonymous_1)
FN:48,(anonymous_2)
FN:56,(anonymous_3)
FNF:4
FNH:4
FNDA:48,(anonymous_0)
FNDA:50,(anonymous_1)
FNDA:29,(anonymous_2)
FNDA:1,(anonymous_3)
DA:1,1
DA:2,1
DA:3,1
DA:8,1
DA:12,1
DA:16,1
DA:23,48
DA:32,50
DA:33,1
DA:36,49
DA:37,49
DA:38,1
DA:41,48
DA:49,29
DA:57,1
LF:15
LH:15
BRDA:32,0,0,1
BRDA:32,0,1,49
BRDA:37,1,0,1
BRDA:37,1,1,48
BRF:4
BRH:4
end_of_record
TN:
SF:D:\Workarea\iotaeco\iota-pico-data\src\data\input.ts
FN:29,(anonymous_0)
FN:40,(anonymous_1)
FNF:2
FNH:2
FNDA:1,(anonymous_0)
FNDA:9,(anonymous_1)
DA:1,1
DA:2,1
DA:3,1
DA:4,1
DA:5,1
DA:10,1
DA:44,9
DA:45,1
DA:48,8
DA:49,3
DA:52,5
DA:53,2
DA:56,3
DA:57,2
DA:60,1
DA:61,1
DA:62,1
DA:63,1
DA:64,1
DA:65,1
LF:20
LH:20
BRDA:44,0,0,1
BRDA:44,0,1,8
BRDA:48,1,0,3
BRDA:48,1,1,5
BRDA:48,2,0,8
BRDA:48,2,1,7
BRDA:48,2,2,6
BRDA:52,3,0,2
BRDA:52,3,1,3
BRDA:52,4,0,5
BRDA:52,4,1,4
BRDA:56,5,0,2
BRDA:56,5,1,1
BRDA:56,6,0,3
BRDA:56,6,1,2
BRF:15
BRH:15
end_of_record
TN:
SF:D:\Workarea\iotaeco\iota-pico-data\src\data\signatureMessageFragment.ts
FN:22,(anonymous_0)
FN:31,(anonymous_1)
FN:47,(anonymous_2)
FN:55,(anonymous_3)
FNF:4
FNH:4
FNDA:19,(anonymous_0)
FNDA:21,(anonymous_1)
FNDA:11,(anonymous_2)
FNDA:1,(anonymous_3)
DA:1,1
DA:2,1
DA:3,1
DA:8,1
DA:12,1
DA:16,1
DA:23,19
DA:32,21
DA:33,1
DA:36,20
DA:37,20
DA:38,1
DA:40,19
DA:48,11
DA:56,1
LF:15
LH:15
BRDA:32,0,0,1
BRDA:32,0,1,20
BRDA:37,1,0,1
BRDA:37,1,1,19
BRF:4
BRH:4
end_of_record
TN:
SF:D:\Workarea\iotaeco\iota-pico-data\src\data\tag.ts
FN:22,(anonymous_0)
FN:31,(anonymous_1)
FN:53,(anonymous_2)
FN:61,(anonymous_3)
FNF:4
FNH:4
FNDA:52,(anonymous_0)
FNDA:54,(anonymous_1)
FNDA:33,(anonymous_2)
FNDA:1,(anonymous_3)
DA:1,1
DA:2,1
DA:3,1
DA:8,1
DA:12,1
DA:16,1
DA:23,52
DA:32,54
DA:33,1
DA:36,53
DA:38,53
DA:39,1
DA:42,52
DA:43,17
DA:46,52
DA:54,33
DA:62,1
LF:17
LH:17
BRDA:32,0,0,1
BRDA:32,0,1,53
BRDA:38,1,0,1
BRDA:38,1,1,52
BRF:4
BRH:4
end_of_record
TN:
SF:D:\Workarea\iotaeco\iota-pico-data\src\data\transaction.ts
FN:94,(anonymous_0)
FN:116,(anonymous_1)
FN:155,(anonymous_2)
FN:214,(anonymous_3)
FN:272,(anonymous_4)
FNF:5
FNH:5
FNDA:20,(anonymous_0)
FNDA:11,(anonymous_1)
FNDA:13,(anonymous_2)
FNDA:11,(anonymous_3)
FNDA:2,(anonymous_4)
DA:1,1
DA:2,1
DA:3,1
DA:4,1
DA:5,1
DA:6,1
DA:7,1
DA:8,1
DA:13,1
DA:17,1
DA:22,1
DA:27,1
DA:30,1
DA:131,11
DA:132,11
DA:133,11
DA:134,11
DA:135,11
DA:136,11
DA:137,11
DA:138,11
DA:139,11
DA:140,11
DA:141,11
DA:142,11
DA:143,11
DA:144,11
DA:145,11
DA:146,11
DA:147,11
DA:156,13
DA:157,1
DA:160,12
DA:161,12
DA:162,2
DA:165,10
DA:166,10
DA:167,10
DA:169,10
DA:170,1
DA:173,9
DA:175,9
DA:176,9
DA:177,9
DA:178,9
DA:179,9
DA:180,9
DA:181,9
DA:182,9
DA:183,9
DA:184,9
DA:185,9
DA:186,9
DA:187,9
DA:188,9
DA:189,9
DA:190,9
DA:191,9
DA:192,9
DA:193,9
DA:194,9
DA:195,9
DA:196,9
DA:197,9
DA:198,9
DA:199,9
DA:200,9
DA:201,9
DA:202,9
DA:203,9
DA:204,9
DA:205,9
DA:207,9
DA:215,11
DA:216,1
DA:219,10
DA:220,1
DA:223,9
DA:224,1
DA:227,8
DA:228,1
DA:231,7
DA:232,1
DA:235,6
DA:236,1
DA:239,5
DA:240,1
DA:243,4
DA:260,4
DA:261,4
DA:262,1
DA:265,3
DA:273,2
LF:93
LH:93
BRDA:156,0,0,1
BRDA:156,0,1,12
BRDA:161,1,0,2
BRDA:161,1,1,10
BRDA:169,2,0,1
BRDA:169,2,1,9
BRDA:215,3,0,1
BRDA:215,3,1,10
BRDA:219,4,0,1
BRDA:219,4,1,9
BRDA:223,5,0,1
BRDA:223,5,1,8
BRDA:227,6,0,1
BRDA:227,6,1,7
BRDA:231,7,0,1
BRDA:231,7,1,6
BRDA:235,8,0,1
BRDA:235,8,1,5
BRDA:239,9,0,1
BRDA:239,9,1,4
BRDA:245,10,0,4
BRDA:245,10,1,1
BRDA:248,11,0,4
BRDA:248,11,1,1
BRDA:249,12,0,4
BRDA:249,12,1,1
BRDA:250,13,0,4
BRDA:250,13,1,1
BRDA:254,14,0,4
BRDA:254,14,1,1
BRDA:255,15,0,4
BRDA:255,15,1,1
BRDA:256,16,0,4
BRDA:256,16,1,1
BRDA:257,17,0,4
BRDA:257,17,1,1
BRDA:261,18,0,1
BRDA:261,18,1,3
BRDA:274,19,0,2
BRDA:274,19,1,1
BRDA:275,20,0,2
BRDA:275,20,1,1
BRDA:276,21,0,2
BRDA:276,21,1,1
BRDA:277,22,0,2
BRDA:277,22,1,1
BRDA:278,23,0,2
BRDA:278,23,1,1
BRDA:279,24,0,2
BRDA:279,24,1,1
BRDA:280,25,0,2
BRDA:280,25,1,1
BRDA:281,26,0,2
BRDA:281,26,1,1
BRDA:282,27,0,2
BRDA:282,27,1,1
BRDA:283,28,0,2
BRDA:283,28,1,1
BRDA:284,29,0,2
BRDA:284,29,1,1
BRDA:284,29,2,1
BRDA:285,30,0,2
BRDA:285,30,1,1
BRDA:286,31,0,2
BRDA:286,31,1,1
BRDA:287,32,0,2
BRDA:287,32,1,1
BRDA:288,33,0,2
BRDA:288,33,1,1
BRF:69
BRH:69
end_of_record
TN:
SF:D:\Workarea\iotaeco\iota-pico-data\src\data\transfer.ts
FN:30,(anonymous_0)
FN:41,(anonymous_1)
FNF:2
FNH:2
FNDA:1,(anonymous_0)
FNDA:6,(anonymous_1)
DA:1,1
DA:2,1
DA:3,1
DA:4,1
DA:5,1
DA:6,1
DA:11,1
DA:45,6
DA:46,1
DA:49,5
DA:50,2
DA:53,3
DA:54,1
DA:57,2
DA:58,1
DA:61,1
DA:62,1
DA:63,1
DA:64,1
DA:65,1
DA:66,1
LF:21
LH:21
BRDA:45,0,0,1
BRDA:45,0,1,5
BRDA:49,1,0,2
BRDA:49,1,1,3
BRDA:49,2,0,5
BRDA:49,2,1,4
BRDA:53,3,0,1
BRDA:53,3,1,2
BRDA:53,4,0,3
BRDA:53,4,1,3
BRDA:57,5,0,1
BRDA:57,5,1,1
BRDA:57,6,0,2
BRDA:57,6,1,2
BRF:14
BRH:14
end_of_record
TN:
SF:D:\Workarea\iotaeco\iota-pico-data\src\data\trits.ts
FN:46,(anonymous_0)
FN:55,(anonymous_1)
FN:67,(anonymous_2)
FN:79,(anonymous_3)
FN:99,(anonymous_4)
FN:132,(anonymous_5)
FN:158,(anonymous_6)
FN:169,(anonymous_7)
FN:180,(anonymous_8)
FN:188,(anonymous_9)
FN:204,(anonymous_10)
FN:212,(anonymous_11)
FN:220,(anonymous_12)
FN:242,(anonymous_13)
FN:256,(anonymous_14)
FN:266,(anonymous_15)
FNF:16
FNH:16
FNDA:204,(anonymous_0)
FNDA:9,(anonymous_1)
FNDA:79,(anonymous_2)
FNDA:54,(anonymous_3)
FNDA:73,(anonymous_4)
FNDA:7,(anonymous_5)
FNDA:21,(anonymous_6)
FNDA:42,(anonymous_7)
FNDA:42,(anonymous_8)
FNDA:21,(anonymous_9)
FNDA:1,(anonymous_10)
FNDA:76,(anonymous_11)
FNDA:60,(anonymous_12)
FNDA:49,(anonymous_13)
FNDA:1,(anonymous_14)
FNDA:6,(anonymous_15)
DA:1,1
DA:2,1
DA:3,1
DA:4,1
DA:5,1
DA:10,1
DA:12,1
DA:47,204
DA:56,9
DA:57,2
DA:59,7
DA:68,79
DA:69,2
DA:71,77
DA:80,54
DA:81,2
DA:83,52
DA:84,52
DA:85,52
DA:86,474
DA:87,474
DA:88,474
DA:89,474
DA:91,52
DA:100,73
DA:101,5
DA:103,68
DA:104,68
DA:106,68
DA:107,399
DA:108,399
DA:110,399
DA:111,146
DA:112,146
DA:115,399
DA:117,68
DA:118,4
DA:119,80
DA:123,68
DA:133,7
DA:134,1
DA:136,6
DA:137,1
DA:140,5
DA:141,5
DA:145,5
DA:147,21
DA:148,21
DA:149,21
DA:150,21
DA:151,21
DA:154,5
DA:159,21
DA:160,21
DA:161,21
DA:162,21
DA:163,21
DA:165,21
DA:170,42
DA:172,42
DA:173,1
DA:174,1
DA:175,40
DA:181,42
DA:182,8
DA:184,34
DA:189,21
DA:191,21
DA:192,1
DA:193,20
DA:194,1
DA:197,19
DA:205,1
DA:213,76
DA:221,60
DA:223,60
DA:225,649
DA:226,1525
DA:229,649
DA:230,649
DA:235,60
DA:243,49
DA:245,49
DA:246,1319
DA:249,49
DA:257,1
DA:267,6
DA:268,2
DA:270,4
DA:271,3
DA:273,1
LF:91
LH:91
BRDA:56,0,0,2
BRDA:56,0,1,7
BRDA:68,1,0,2
BRDA:68,1,1,77
BRDA:80,2,0,2
BRDA:80,2,1,52
BRDA:100,3,0,5
BRDA:100,3,1,68
BRDA:104,4,0,4
BRDA:104,4,1,64
BRDA:110,5,0,146
BRDA:110,5,1,253
BRDA:117,6,0,4
BRDA:117,6,1,64
BRDA:133,7,0,1
BRDA:133,7,1,6
BRDA:136,8,0,1
BRDA:136,8,1,5
BRDA:147,9,0,18
BRDA:147,9,1,3
BRDA:148,10,0,18
BRDA:148,10,1,3
BRDA:173,11,0,1
BRDA:173,11,1,1
BRDA:173,11,2,40
BRDA:181,12,0,8
BRDA:181,12,1,34
BRDA:191,13,0,1
BRDA:191,13,1,20
BRDA:193,14,0,1
BRDA:193,14,1,19
BRDA:226,15,0,649
BRDA:226,15,1,876
BRDA:226,16,0,1525
BRDA:226,16,1,903
BRDA:226,16,2,709
BRDA:267,17,0,2
BRDA:267,17,1,4
BRDA:267,18,0,6
BRDA:267,18,1,5
BRDA:270,19,0,3
BRDA:270,19,1,1
BRDA:270,20,0,4
BRDA:270,20,1,3
BRF:44
BRH:44
end_of_record
TN:
SF:D:\Workarea\iotaeco\iota-pico-data\src\data\tryteNumber.ts
FN:24,(anonymous_0)
FN:34,(anonymous_1)
FN:66,(anonymous_2)
FN:91,(anonymous_3)
FN:99,(anonymous_4)
FN:107,(anonymous_5)
FN:115,(anonymous_6)
FNF:7
FNH:7
FNDA:150,(anonymous_0)
FNDA:88,(anonymous_1)
FNDA:67,(anonymous_2)
FNDA:43,(anonymous_3)
FNDA:44,(anonymous_4)
FNDA:1,(anonymous_5)
FNDA:1,(anonymous_6)
DA:1,1
DA:2,1
DA:3,1
DA:4,1
DA:5,1
DA:10,1
DA:14,1
DA:18,1
DA:25,150
DA:37,88
DA:38,1
DA:41,87
DA:42,28
DA:44,59
DA:45,1
DA:48,58
DA:50,58
DA:51,1675
DA:54,58
DA:57,86
DA:67,67
DA:68,1
DA:70,66
DA:72,66
DA:73,1
DA:76,65
DA:77,1
DA:80,64
DA:81,6
DA:84,64
DA:92,43
DA:100,44
DA:108,1
DA:116,1
LF:34
LH:34
BRDA:34,0,0,72
BRDA:37,1,0,1
BRDA:37,1,1,87
BRDA:37,2,0,88
BRDA:37,2,1,88
BRDA:41,3,0,28
BRDA:41,3,1,59
BRDA:44,4,0,1
BRDA:44,4,1,58
BRDA:66,5,0,57
BRDA:67,6,0,1
BRDA:67,6,1,66
BRDA:72,7,0,1
BRDA:72,7,1,65
BRDA:72,8,0,66
BRDA:72,8,1,66
BRDA:76,9,0,1
BRDA:76,9,1,64
BRF:18
BRH:18
end_of_record
TN:
SF:D:\Workarea\iotaeco\iota-pico-data\src\data\trytes.ts
FN:18,(anonymous_0)
FN:28,(anonymous_1)
FN:47,(anonymous_2)
FN:59,(anonymous_3)
FN:67,(anonymous_4)
FN:77,(anonymous_5)
FNF:6
FNH:6
FNDA:488,(anonymous_0)
FNDA:493,(anonymous_1)
FNDA:497,(anonymous_2)
FNDA:441,(anonymous_3)
FNDA:81,(anonymous_4)
FNDA:151,(anonymous_5)
DA:1,1
DA:2,1
DA:3,1
DA:8,1
DA:12,1
DA:19,488
DA:29,493
DA:30,3
DA:32,490
DA:33,1
DA:35,489
DA:36,1
DA:38,488
DA:48,497
DA:49,3
DA:51,494
DA:60,441
DA:68,81
DA:78,151
DA:79,2
DA:81,149
DA:82,3
DA:84,146
LF:23
LH:23
BRDA:28,0,0,492
BRDA:29,1,0,3
BRDA:29,1,1,490
BRDA:32,2,0,1
BRDA:32,2,1,489
BRDA:32,3,0,490
BRDA:32,3,1,490
BRDA:35,4,0,1
BRDA:35,4,1,488
BRDA:47,5,0,6
BRDA:48,6,0,3
BRDA:48,6,1,494
BRDA:51,7,0,2
BRDA:51,7,1,492
BRDA:78,8,0,2
BRDA:78,8,1,149
BRDA:78,9,0,151
BRDA:78,9,1,150
BRDA:81,10,0,3
BRDA:81,10,1,146
BRDA:81,11,0,149
BRDA:81,11,1,148
BRF:22
BRH:22
end_of_record
TN:
SF:D:\Workarea\iotaeco\iota-pico-data\src\error\dataError.ts
FN:13,(anonymous_0)
FNF:1
FNH:1
FNDA:92,(anonymous_0)
DA:1,1
DA:6,1
DA:14,92
DA:15,92
LF:4
LH:4
BRF:0
BRH:0
end_of_record
TN:
SF:D:\Workarea\iotaeco\iota-pico-data\src\helpers\unitsHelper.ts
FN:29,(anonymous_0)
FNF:1
FNH:1
FNDA:100013,(anonymous_0)
DA:1,1
DA:2,1
DA:3,1
DA:8,1
DA:12,1
DA:30,100013
DA:31,2
DA:34,100011
DA:35,1
DA:38,100010
DA:39,1
DA:42,100009
DA:43,1
DA:46,100008
DA:47,1
DA:50,100007
DA:51,16790
DA:54,83217
DA:55,83217
DA:58,83217
DA:59,1
DA:63,83217
DA:64,83217
DA:66,134
DA:69,83217
DA:70,83217
DA:72,83217
DA:75,41746
DA:76,41746
DA:78,28779
DA:83,41471
DA:84,41471
DA:88,83217
DA:89,83217
DA:90,83217
DA:93,83217
DA:96,83217
DA:99,83217
DA:100,41384
DA:103,83217
LF:40
LH:40
BRDA:30,0,0,2
BRDA:30,0,1,100011
BRDA:34,1,0,1
BRDA:34,1,1,100010
BRDA:38,2,0,1
BRDA:38,2,1,100009
BRDA:42,3,0,1
BRDA:42,3,1,100008
BRDA:46,4,0,1
BRDA:46,4,1,100007
BRDA:50,5,0,16790
BRDA:50,5,1,83217
BRDA:58,6,0,1
BRDA:58,6,1,83216
BRDA:64,7,0,134
BRDA:64,7,1,83083
BRDA:72,8,0,41746
BRDA:72,8,1,41471
BRDA:76,9,0,28779
BRDA:76,9,1,12967
BRDA:99,10,0,41384
BRDA:99,10,1,41833
BRF:22
BRH:22
end_of_record
TN:
SF:D:\Workarea\iotaeco\iota-pico-data\src\interfaces\ITrytesConverter.ts
FNF:0
FNH:0
LF:0
LH:0
BRF:0
BRH:0
end_of_record
