TN:
SF:D:\Workarea\iotaeco\iota-pico-data\src\index.ts
FNF:0
FNH:0
LF:0
LH:0
BRF:0
BRH:0
end_of_record
TN:
SF:D:\Workarea\iotaeco\iota-pico-data\src\converters\asciiTrytesConverter.ts
FN:16,(anonymous_0)
FN:44,(anonymous_1)
FNF:2
FNH:2
FNDA:12,(anonymous_0)
FNDA:17,(anonymous_1)
DA:1,1
DA:2,1
DA:3,1
DA:4,1
DA:10,1
DA:17,12
DA:18,2
DA:21,10
DA:22,1
DA:25,9
DA:27,9
DA:28,193
DA:30,193
DA:31,193
DA:33,193
DA:36,9
DA:45,17
DA:46,3
DA:48,14
DA:50,14
DA:51,2
DA:54,12
DA:56,12
DA:57,199
DA:59,199
DA:60,199
DA:62,199
DA:64,199
DA:67,12
LF:29
LH:29
BRDA:17,0,0,2
BRDA:17,0,1,10
BRDA:21,1,0,1
BRDA:21,1,1,9
BRDA:45,2,0,3
BRDA:45,2,1,14
BRDA:50,3,0,2
BRDA:50,3,1,12
BRF:8
BRH:8
end_of_record
TN:
SF:D:\Workarea\iotaeco\iota-pico-data\src\converters\objectTrytesConverter.ts
FN:19,(anonymous_0)
FN:39,(anonymous_1)
FNF:2
FNH:2
FNDA:9,(anonymous_0)
FNDA:12,(anonymous_1)
DA:1,1
DA:2,1
DA:3,1
DA:4,1
DA:5,1
DA:7,1
DA:13,1
DA:20,9
DA:21,2
DA:25,7
DA:26,7
DA:28,1
DA:31,6
DA:40,12
DA:41,2
DA:44,10
DA:47,9
DA:48,1
DA:52,8
DA:53,1
DA:56,7
DA:59,7
DA:60,7
DA:62,1
DA:65,6
LF:25
LH:25
BRDA:20,0,0,2
BRDA:20,0,1,7
BRDA:40,1,0,2
BRDA:40,1,1,10
BRDA:47,2,0,1
BRDA:47,2,1,8
BRDA:52,3,0,1
BRDA:52,3,1,7
BRDA:52,4,0,8
BRDA:52,4,1,3
BRDA:52,4,2,5
BRDA:52,4,3,4
BRF:12
BRH:12
end_of_record
TN:
SF:D:\Workarea\iotaeco\iota-pico-data\src\data\address.ts
FN:28,(anonymous_0)
FN:38,(anonymous_1)
FN:61,(anonymous_2)
FN:69,(anonymous_3)
FN:81,(anonymous_4)
FNF:5
FNH:5
FNDA:35,(anonymous_0)
FNDA:37,(anonymous_1)
FNDA:13,(anonymous_2)
FNDA:4,(anonymous_3)
FNDA:2,(anonymous_4)
DA:1,1
DA:2,1
DA:3,1
DA:8,1
DA:12,1
DA:16,1
DA:20,1
DA:29,35
DA:30,35
DA:39,37
DA:40,1
DA:43,36
DA:45,36
DA:46,1
DA:49,35
DA:51,35
DA:52,3
DA:54,35
DA:62,13
DA:70,4
DA:71,2
DA:73,2
DA:82,2
DA:83,1
DA:85,1
LF:25
LH:25
BRDA:39,0,0,1
BRDA:39,0,1,36
BRDA:45,1,0,1
BRDA:45,1,1,35
BRDA:45,2,0,36
BRDA:45,2,1,4
BRDA:51,3,0,3
BRDA:51,3,1,32
BRDA:70,4,0,2
BRDA:70,4,1,2
BRDA:82,5,0,1
BRDA:82,5,1,1
BRF:12
BRH:12
end_of_record
TN:
SF:D:\Workarea\iotaeco\iota-pico-data\src\data\addressSecurity.ts
FN:4,(anonymous_0)
FNF:1
FNH:1
FNDA:1,(anonymous_0)
DA:4,1
DA:5,1
DA:6,1
DA:7,1
LF:4
LH:4
BRDA:4,0,0,1
BRDA:4,0,1,1
BRF:2
BRH:2
end_of_record
TN:
SF:D:\Workarea\iotaeco\iota-pico-data\src\data\bundle.ts
FN:26,(anonymous_0)
FN:38,(anonymous_1)
FN:51,(anonymous_2)
FNF:3
FNH:3
FNDA:4,(anonymous_0)
FNDA:2,(anonymous_1)
FNDA:2,(anonymous_2)
DA:1,1
DA:2,1
DA:4,1
DA:5,1
DA:6,1
DA:7,1
DA:8,1
DA:13,1
DA:27,4
DA:39,2
DA:40,4
DA:52,2
DA:53,1
DA:56,1
DA:57,2
DA:58,2
DA:59,2
DA:60,2
DA:61,2
DA:62,2
DA:63,2
LF:21
LH:21
BRDA:40,0,0,2
BRDA:40,0,1,2
BRDA:52,1,0,1
BRDA:52,1,1,1
BRDA:57,2,0,2
BRDA:57,2,1,1
BRF:6
BRH:6
end_of_record
TN:
SF:D:\Workarea\iotaeco\iota-pico-data\src\data\hash.ts
FN:22,(anonymous_0)
FN:31,(anonymous_1)
FN:48,(anonymous_2)
FN:56,(anonymous_3)
FNF:4
FNH:4
FNDA:42,(anonymous_0)
FNDA:44,(anonymous_1)
FNDA:23,(anonymous_2)
FNDA:1,(anonymous_3)
DA:1,1
DA:2,1
DA:3,1
DA:8,1
DA:12,1
DA:16,1
DA:23,42
DA:32,44
DA:33,1
DA:36,43
DA:37,43
DA:38,1
DA:41,42
DA:49,23
DA:57,1
LF:15
LH:15
BRDA:32,0,0,1
BRDA:32,0,1,43
BRDA:37,1,0,1
BRDA:37,1,1,42
BRF:4
BRH:4
end_of_record
TN:
SF:D:\Workarea\iotaeco\iota-pico-data\src\data\input.ts
FN:29,(anonymous_0)
FN:40,(anonymous_1)
FNF:2
FNH:2
FNDA:1,(anonymous_0)
FNDA:9,(anonymous_1)
DA:1,1
DA:2,1
DA:3,1
DA:4,1
DA:5,1
DA:10,1
DA:44,9
DA:45,1
DA:48,8
DA:49,3
DA:52,5
DA:53,2
DA:56,3
DA:57,2
DA:60,1
DA:61,1
DA:62,1
DA:63,1
DA:64,1
DA:65,1
LF:20
LH:20
BRDA:44,0,0,1
BRDA:44,0,1,8
BRDA:48,1,0,3
BRDA:48,1,1,5
BRDA:48,2,0,8
BRDA:48,2,1,7
BRDA:48,2,2,6
BRDA:52,3,0,2
BRDA:52,3,1,3
BRDA:52,4,0,5
BRDA:52,4,1,4
BRDA:56,5,0,2
BRDA:56,5,1,1
BRDA:56,6,0,3
BRDA:56,6,1,2
BRF:15
BRH:15
end_of_record
TN:
SF:D:\Workarea\iotaeco\iota-pico-data\src\data\signatureMessageFragment.ts
FN:22,(anonymous_0)
FN:31,(anonymous_1)
FN:47,(anonymous_2)
FN:55,(anonymous_3)
FNF:4
FNH:4
FNDA:17,(anonymous_0)
FNDA:19,(anonymous_1)
FNDA:9,(anonymous_2)
FNDA:1,(anonymous_3)
DA:1,1
DA:2,1
DA:3,1
DA:8,1
DA:12,1
DA:16,1
DA:23,17
DA:32,19
DA:33,1
DA:36,18
DA:37,18
DA:38,1
DA:40,17
DA:48,9
DA:56,1
LF:15
LH:15
BRDA:32,0,0,1
BRDA:32,0,1,18
BRDA:37,1,0,1
BRDA:37,1,1,17
BRF:4
BRH:4
end_of_record
TN:
SF:D:\Workarea\iotaeco\iota-pico-data\src\data\tag.ts
FN:22,(anonymous_0)
FN:31,(anonymous_1)
FN:53,(anonymous_2)
FN:61,(anonymous_3)
FNF:4
FNH:4
FNDA:46,(anonymous_0)
FNDA:48,(anonymous_1)
FNDA:27,(anonymous_2)
FNDA:1,(anonymous_3)
DA:1,1
DA:2,1
DA:3,1
DA:8,1
DA:12,1
DA:16,1
DA:23,46
DA:32,48
DA:33,1
DA:36,47
DA:38,47
DA:39,1
DA:42,46
DA:43,17
DA:46,46
DA:54,27
DA:62,1
LF:17
LH:17
BRDA:32,0,0,1
BRDA:32,0,1,47
BRDA:38,1,0,1
BRDA:38,1,1,46
BRF:4
BRH:4
end_of_record
TN:
SF:D:\Workarea\iotaeco\iota-pico-data\src\data\transaction.ts
FN:94,(anonymous_0)
FN:116,(anonymous_1)
FN:155,(anonymous_2)
FN:214,(anonymous_3)
FN:222,(anonymous_4)
FNF:5
FNH:5
FNDA:18,(anonymous_0)
FNDA:9,(anonymous_1)
FNDA:13,(anonymous_2)
FNDA:11,(anonymous_3)
FNDA:11,(anonymous_4)
DA:1,1
DA:2,1
DA:3,1
DA:4,1
DA:5,1
DA:6,1
DA:7,1
DA:8,1
DA:13,1
DA:17,1
DA:22,1
DA:27,1
DA:30,1
DA:131,9
DA:132,9
DA:133,9
DA:134,9
DA:135,9
DA:136,9
DA:137,9
DA:138,9
DA:139,9
DA:140,9
DA:141,9
DA:142,9
DA:143,9
DA:144,9
DA:145,9
DA:146,9
DA:147,9
DA:156,13
DA:157,1
DA:160,12
DA:161,12
DA:162,2
DA:165,10
DA:166,10
DA:167,10
DA:169,10
DA:170,1
DA:173,9
DA:175,9
DA:176,9
DA:177,9
DA:178,9
DA:179,9
DA:180,9
DA:181,9
DA:182,9
DA:183,9
DA:184,9
DA:185,9
DA:186,9
DA:187,9
DA:188,9
DA:189,9
DA:190,9
DA:191,9
DA:192,9
DA:193,9
DA:194,9
DA:195,9
DA:196,9
DA:197,9
DA:198,9
DA:199,9
DA:200,9
DA:201,9
DA:202,9
DA:203,9
DA:204,9
DA:205,9
DA:207,9
DA:215,11
DA:223,11
DA:224,1
DA:227,10
DA:228,1
DA:231,9
DA:232,1
DA:235,8
DA:236,1
DA:239,7
DA:240,1
DA:243,6
DA:244,1
DA:247,5
DA:248,1
DA:251,4
DA:268,4
DA:269,4
DA:270,1
DA:273,3
LF:93
LH:93
BRDA:156,0,0,1
BRDA:156,0,1,12
BRDA:161,1,0,2
BRDA:161,1,1,10
BRDA:169,2,0,1
BRDA:169,2,1,9
BRDA:223,3,0,1
BRDA:223,3,1,10
BRDA:227,4,0,1
BRDA:227,4,1,9
BRDA:231,5,0,1
BRDA:231,5,1,8
BRDA:235,6,0,1
BRDA:235,6,1,7
BRDA:239,7,0,1
BRDA:239,7,1,6
BRDA:243,8,0,1
BRDA:243,8,1,5
BRDA:247,9,0,1
BRDA:247,9,1,4
BRDA:253,10,0,4
BRDA:253,10,1,1
BRDA:256,11,0,4
BRDA:256,11,1,1
BRDA:257,12,0,4
BRDA:257,12,1,1
BRDA:258,13,0,4
BRDA:258,13,1,1
BRDA:262,14,0,4
BRDA:262,14,1,1
BRDA:263,15,0,4
BRDA:263,15,1,1
BRDA:264,16,0,4
BRDA:264,16,1,1
BRDA:265,17,0,4
BRDA:265,17,1,1
BRDA:269,18,0,1
BRDA:269,18,1,3
BRF:38
BRH:38
end_of_record
TN:
SF:D:\Workarea\iotaeco\iota-pico-data\src\data\transfer.ts
FN:30,(anonymous_0)
FN:41,(anonymous_1)
FNF:2
FNH:2
FNDA:1,(anonymous_0)
FNDA:6,(anonymous_1)
DA:1,1
DA:2,1
DA:3,1
DA:4,1
DA:5,1
DA:6,1
DA:11,1
DA:45,6
DA:46,1
DA:49,5
DA:50,2
DA:53,3
DA:54,1
DA:57,2
DA:58,1
DA:61,1
DA:62,1
DA:63,1
DA:64,1
DA:65,1
DA:66,1
LF:21
LH:21
BRDA:45,0,0,1
BRDA:45,0,1,5
BRDA:49,1,0,2
BRDA:49,1,1,3
BRDA:49,2,0,5
BRDA:49,2,1,4
BRDA:53,3,0,1
BRDA:53,3,1,2
BRDA:53,4,0,3
BRDA:53,4,1,3
BRDA:57,5,0,1
BRDA:57,5,1,1
BRDA:57,6,0,2
BRDA:57,6,1,2
BRF:14
BRH:14
end_of_record
TN:
SF:D:\Workarea\iotaeco\iota-pico-data\src\data\trits.ts
FN:46,(anonymous_0)
FN:55,(anonymous_1)
FN:67,(anonymous_2)
FN:79,(anonymous_3)
FN:99,(anonymous_4)
FN:132,(anonymous_5)
FN:158,(anonymous_6)
FN:169,(anonymous_7)
FN:180,(anonymous_8)
FN:188,(anonymous_9)
FN:204,(anonymous_10)
FN:212,(anonymous_11)
FN:220,(anonymous_12)
FN:242,(anonymous_13)
FN:256,(anonymous_14)
FN:266,(anonymous_15)
FNF:16
FNH:16
FNDA:163,(anonymous_0)
FNDA:9,(anonymous_1)
FNDA:65,(anonymous_2)
FNDA:41,(anonymous_3)
FNDA:59,(anonymous_4)
FNDA:7,(anonymous_5)
FNDA:21,(anonymous_6)
FNDA:42,(anonymous_7)
FNDA:42,(anonymous_8)
FNDA:21,(anonymous_9)
FNDA:1,(anonymous_10)
FNDA:62,(anonymous_11)
FNDA:46,(anonymous_12)
FNDA:36,(anonymous_13)
FNDA:1,(anonymous_14)
FNDA:6,(anonymous_15)
DA:1,1
DA:2,1
DA:3,1
DA:4,1
DA:5,1
DA:10,1
DA:12,1
DA:47,163
DA:56,9
DA:57,2
DA:59,7
DA:68,65
DA:69,2
DA:71,63
DA:80,41
DA:81,2
DA:83,39
DA:84,39
DA:85,39
DA:86,353
DA:87,353
DA:88,353
DA:89,353
DA:91,39
DA:100,59
DA:101,5
DA:103,54
DA:104,54
DA:106,54
DA:107,339
DA:108,339
DA:110,339
DA:111,128
DA:112,128
DA:115,339
DA:117,54
DA:118,4
DA:119,80
DA:123,54
DA:133,7
DA:134,1
DA:136,6
DA:137,1
DA:140,5
DA:141,5
DA:145,5
DA:147,21
DA:148,21
DA:149,21
DA:150,21
DA:151,21
DA:154,5
DA:159,21
DA:160,21
DA:161,21
DA:162,21
DA:163,21
DA:165,21
DA:170,42
DA:172,42
DA:173,1
DA:174,1
DA:175,40
DA:181,42
DA:182,8
DA:184,34
DA:189,21
DA:191,21
DA:192,1
DA:193,20
DA:194,1
DA:197,19
DA:205,1
DA:213,62
DA:221,46
DA:223,46
DA:225,519
DA:226,1193
DA:229,519
DA:230,519
DA:235,46
DA:243,36
DA:245,36
DA:246,956
DA:249,36
DA:257,1
DA:267,6
DA:268,2
DA:270,4
DA:271,3
DA:273,1
LF:91
LH:91
BRDA:56,0,0,2
BRDA:56,0,1,7
BRDA:68,1,0,2
BRDA:68,1,1,63
BRDA:80,2,0,2
BRDA:80,2,1,39
BRDA:100,3,0,5
BRDA:100,3,1,54
BRDA:104,4,0,4
BRDA:104,4,1,50
BRDA:110,5,0,128
BRDA:110,5,1,211
BRDA:117,6,0,4
BRDA:117,6,1,50
BRDA:133,7,0,1
BRDA:133,7,1,6
BRDA:136,8,0,1
BRDA:136,8,1,5
BRDA:147,9,0,18
BRDA:147,9,1,3
BRDA:148,10,0,18
BRDA:148,10,1,3
BRDA:173,11,0,1
BRDA:173,11,1,1
BRDA:173,11,2,40
BRDA:181,12,0,8
BRDA:181,12,1,34
BRDA:191,13,0,1
BRDA:191,13,1,20
BRDA:193,14,0,1
BRDA:193,14,1,19
BRDA:226,15,0,519
BRDA:226,15,1,674
BRDA:226,16,0,1193
BRDA:226,16,1,715
BRDA:226,16,2,565
BRDA:267,17,0,2
BRDA:267,17,1,4
BRDA:267,18,0,6
BRDA:267,18,1,5
BRDA:270,19,0,3
BRDA:270,19,1,1
BRDA:270,20,0,4
BRDA:270,20,1,3
BRF:44
BRH:44
end_of_record
TN:
SF:D:\Workarea\iotaeco\iota-pico-data\src\data\tryteNumber.ts
FN:24,(anonymous_0)
FN:34,(anonymous_1)
FN:66,(anonymous_2)
FN:91,(anonymous_3)
FN:99,(anonymous_4)
FN:107,(anonymous_5)
FN:115,(anonymous_6)
FNF:7
FNH:7
FNDA:136,(anonymous_0)
FNDA:74,(anonymous_1)
FNDA:67,(anonymous_2)
FNDA:43,(anonymous_3)
FNDA:31,(anonymous_4)
FNDA:1,(anonymous_5)
FNDA:1,(anonymous_6)
DA:1,1
DA:2,1
DA:3,1
DA:4,1
DA:5,1
DA:10,1
DA:14,1
DA:18,1
DA:25,136
DA:37,74
DA:38,1
DA:41,73
DA:42,28
DA:44,45
DA:45,1
DA:48,44
DA:50,44
DA:51,1345
DA:54,44
DA:57,72
DA:67,67
DA:68,1
DA:70,66
DA:72,66
DA:73,1
DA:76,65
DA:77,1
DA:80,64
DA:81,6
DA:84,64
DA:92,43
DA:100,31
DA:108,1
DA:116,1
LF:34
LH:34
BRDA:34,0,0,60
BRDA:37,1,0,1
BRDA:37,1,1,73
BRDA:37,2,0,74
BRDA:37,2,1,74
BRDA:41,3,0,28
BRDA:41,3,1,45
BRDA:44,4,0,1
BRDA:44,4,1,44
BRDA:66,5,0,57
BRDA:67,6,0,1
BRDA:67,6,1,66
BRDA:72,7,0,1
BRDA:72,7,1,65
BRDA:72,8,0,66
BRDA:72,8,1,66
BRDA:76,9,0,1
BRDA:76,9,1,64
BRF:18
BRH:18
end_of_record
TN:
SF:D:\Workarea\iotaeco\iota-pico-data\src\data\trytes.ts
FN:18,(anonymous_0)
FN:28,(anonymous_1)
FN:47,(anonymous_2)
FN:59,(anonymous_3)
FN:67,(anonymous_4)
FN:77,(anonymous_5)
FNF:6
FNH:6
FNDA:436,(anonymous_0)
FNDA:441,(anonymous_1)
FNDA:445,(anonymous_2)
FNDA:389,(anonymous_3)
FNDA:73,(anonymous_4)
FNDA:151,(anonymous_5)
DA:1,1
DA:2,1
DA:3,1
DA:8,1
DA:12,1
DA:19,436
DA:29,441
DA:30,3
DA:32,438
DA:33,1
DA:35,437
DA:36,1
DA:38,436
DA:48,445
DA:49,3
DA:51,442
DA:60,389
DA:68,73
DA:78,151
DA:79,2
DA:81,149
DA:82,3
DA:84,146
LF:23
LH:23
BRDA:28,0,0,440
BRDA:29,1,0,3
BRDA:29,1,1,438
BRDA:32,2,0,1
BRDA:32,2,1,437
BRDA:32,3,0,438
BRDA:32,3,1,438
BRDA:35,4,0,1
BRDA:35,4,1,436
BRDA:47,5,0,6
BRDA:48,6,0,3
BRDA:48,6,1,442
BRDA:51,7,0,2
BRDA:51,7,1,440
BRDA:78,8,0,2
BRDA:78,8,1,149
BRDA:78,9,0,151
BRDA:78,9,1,150
BRDA:81,10,0,3
BRDA:81,10,1,146
BRDA:81,11,0,149
BRDA:81,11,1,148
BRF:22
BRH:22
end_of_record
TN:
SF:D:\Workarea\iotaeco\iota-pico-data\src\error\dataError.ts
FNF:0
FNH:0
DA:1,1
DA:6,1
LF:2
LH:2
BRF:0
BRH:0
end_of_record
TN:
SF:D:\Workarea\iotaeco\iota-pico-data\src\interfaces\ITrytesConverter.ts
FNF:0
FNH:0
LF:0
LH:0
BRF:0
BRH:0
end_of_record
